<?xml version="1.0" encoding="UTF-8"?>
<!-- Generated by org.testng.reporters.JUnitReportReporter -->
<testsuite hostname="DESKTOP-PTF1H2O" failures="0" tests="2" name="com.buildpiper.testcases.JobExecutionActivityTestcases" time="214.780" errors="0" timestamp="2023-12-27T18:42:27 IST" skipped="0">
  <testcase classname="com.buildpiper.testcases.JobExecutionActivityTestcases" name="ActivityFilterby_Status" time="172.120"/>
  <system-out>
Clicking on element userMenuAppBar <img src=D:\BuildPiper3.2_Rahul\Reports\27Dec_180344\ActivityFilterby_Status_chrome\ActivityFilterby_Status_chrome_361_Dec_183902.jpg alt='Lamp' width='500' height='400'> Clicking on element select Job Execution Activity Menu <img src=D:\BuildPiper3.2_Rahul\Reports\27Dec_180344\ActivityFilterby_Status_chrome\ActivityFilterby_Status_chrome_361_Dec_183903.jpg alt='Lamp' width='500' height='400'> Element is present :[[ChromeDriver: chrome on WINDOWS (65f7ad986763594fab2d923b10c1f5d5)] -> xpath: //button[@class='MuiButtonBase-root MuiIconButton-root']//span[text()='More']] <img src=D:\BuildPiper3.2_Rahul\Reports\27Dec_180344\ActivityFilterby_Status_chrome\ActivityFilterby_Status_chrome_361_Dec_183906.jpg alt='Lamp' width='500' height='400'> Clicking on element More Button <img src=D:\BuildPiper3.2_Rahul\Reports\27Dec_180344\ActivityFilterby_Status_chrome\ActivityFilterby_Status_chrome_361_Dec_183906.jpg alt='Lamp' width='500' height='400'> Clicking on element Status Checkbox <img src=D:\BuildPiper3.2_Rahul\Reports\27Dec_180344\ActivityFilterby_Status_chrome\ActivityFilterby_Status_chrome_361_Dec_183938.jpg alt='Lamp' width='500' height='400'> Clicking on element statusDropDown <img src=D:\BuildPiper3.2_Rahul\Reports\27Dec_180344\ActivityFilterby_Status_chrome\ActivityFilterby_Status_chrome_361_Dec_183939.jpg alt='Lamp' width='500' height='400'> Clicking on element statusSuccessCheckbox <img src=D:\BuildPiper3.2_Rahul\Reports\27Dec_180344\ActivityFilterby_Status_chrome\ActivityFilterby_Status_chrome_361_Dec_184010.jpg alt='Lamp' width='500' height='400'> Element is present :[[ChromeDriver: chrome on WINDOWS (65f7ad986763594fab2d923b10c1f5d5)] -> xpath: //div[@class='single-row-item-four']//span/span] <img src=D:\BuildPiper3.2_Rahul\Reports\27Dec_180344\ActivityFilterby_Status_chrome\ActivityFilterby_Status_chrome_361_Dec_184020.jpg alt='Lamp' width='500' height='400'> Clicking on element clearSelectionButton <img src=D:\BuildPiper3.2_Rahul\Reports\27Dec_180344\ActivityFilterby_Status_chrome\ActivityFilterby_Status_chrome_361_Dec_184021.jpg alt='Lamp' width='500' height='400'> Clicking on element statusDropDown <img src=D:\BuildPiper3.2_Rahul\Reports\27Dec_180344\ActivityFilterby_Status_chrome\ActivityFilterby_Status_chrome_361_Dec_184021.jpg alt='Lamp' width='500' height='400'> Clicking on element statusFailedCheckbox <img src=D:\BuildPiper3.2_Rahul\Reports\27Dec_180344\ActivityFilterby_Status_chrome\ActivityFilterby_Status_chrome_361_Dec_184051.jpg alt='Lamp' width='500' height='400'> Element is present :[[ChromeDriver: chrome on WINDOWS (65f7ad986763594fab2d923b10c1f5d5)] -> xpath: //div[@class='single-row-item-four']//span/span] <img src=D:\BuildPiper3.2_Rahul\Reports\27Dec_180344\ActivityFilterby_Status_chrome\ActivityFilterby_Status_chrome_361_Dec_184102.jpg alt='Lamp' width='500' height='400'> Clicking on element clearSelectionButton <img src=D:\BuildPiper3.2_Rahul\Reports\27Dec_180344\ActivityFilterby_Status_chrome\ActivityFilterby_Status_chrome_361_Dec_184102.jpg alt='Lamp' width='500' height='400'> Clicking on element statusDropDown <img src=D:\BuildPiper3.2_Rahul\Reports\27Dec_180344\ActivityFilterby_Status_chrome\ActivityFilterby_Status_chrome_361_Dec_184103.jpg alt='Lamp' width='500' height='400'> Clicking on element statusRevokedCheckbox <img src=D:\BuildPiper3.2_Rahul\Reports\27Dec_180344\ActivityFilterby_Status_chrome\ActivityFilterby_Status_chrome_361_Dec_184133.jpg alt='Lamp' width='500' height='400'> Element is present :[[ChromeDriver: chrome on WINDOWS (65f7ad986763594fab2d923b10c1f5d5)] -> xpath: //div[@class='single-row-item-four']//span/span] <img src=D:\BuildPiper3.2_Rahul\Reports\27Dec_180344\ActivityFilterby_Status_chrome\ActivityFilterby_Status_chrome_361_Dec_184143.jpg alt='Lamp' width='500' height='400'> Clicking on element clearSelectionButton <img src=D:\BuildPiper3.2_Rahul\Reports\27Dec_180344\ActivityFilterby_Status_chrome\ActivityFilterby_Status_chrome_361_Dec_184144.jpg alt='Lamp' width='500' height='400'> Clicking on element statusDropDown <img src=D:\BuildPiper3.2_Rahul\Reports\27Dec_180344\ActivityFilterby_Status_chrome\ActivityFilterby_Status_chrome_361_Dec_184144.jpg alt='Lamp' width='500' height='400'> ####### End of Test Case: ActivityFilterby_Status #######  </system-out>
  <testcase classname="com.buildpiper.testcases.JobExecutionActivityTestcases" name="PaginationCheck" time="42.660"/>
  <system-out>
Clicking on element userMenuAppBar <img src=D:\BuildPiper3.2_Rahul\Reports\27Dec_180344\PaginationCheck_chrome\PaginationCheck_chrome_361_Dec_184155.jpg alt='Lamp' width='500' height='400'> Clicking on element select Job Execution Activity Menu <img src=D:\BuildPiper3.2_Rahul\Reports\27Dec_180344\PaginationCheck_chrome\PaginationCheck_chrome_361_Dec_184155.jpg alt='Lamp' width='500' height='400'> Element is present :[[ChromeDriver: chrome on WINDOWS (4cf7fcf14f940f391bc0bde11a6317d6)] -> xpath: //button[contains(@class,'btn btn-with-icon pagination-btn btn-not-allowed btn-round cursor-not-allowed text-grey-')]] <img src=D:\BuildPiper3.2_Rahul\Reports\27Dec_180344\PaginationCheck_chrome\PaginationCheck_chrome_361_Dec_184200.jpg alt='Lamp' width='500' height='400'> Element is present :[[ChromeDriver: chrome on WINDOWS (4cf7fcf14f940f391bc0bde11a6317d6)] -> xpath: //input[@name='page_number']] <img src=D:\BuildPiper3.2_Rahul\Reports\27Dec_180344\PaginationCheck_chrome\PaginationCheck_chrome_361_Dec_184206.jpg alt='Lamp' width='500' height='400'> Element is present :[[ChromeDriver: chrome on WINDOWS (4cf7fcf14f940f391bc0bde11a6317d6)] -> xpath: //button[contains(@class,'btn btn-with-icon pagination-btn btn-not-allowed btn-round cursor-not-allowed text-grey-')]] <img src=D:\BuildPiper3.2_Rahul\Reports\27Dec_180344\PaginationCheck_chrome\PaginationCheck_chrome_361_Dec_184222.jpg alt='Lamp' width='500' height='400'> ####### End of Test Case: PaginationCheck #######  </system-out>
</testsuite> <!-- com.buildpiper.testcases.JobExecutionActivityTestcases -->
