<?xml version="1.0" encoding="UTF-8"?>
<!-- Generated by org.testng.reporters.JUnitReportReporter -->
<testsuite hostname="DESKTOP-PTF1H2O" failures="0" tests="1" name="com.buildpiper.testcases.ServiceCreationComprehensiveTestCases" time="387.787" errors="1" timestamp="2023-12-27T19:11:40 IST" skipped="0">
  <testcase classname="com.buildpiper.testcases.ServiceCreationComprehensiveTestCases" name="serviceOverview_Promote" time="387.787">
    <error message="no such element: Unable to locate element: {&quot;method&quot;:&quot;xpath&quot;,&quot;selector&quot;:&quot;//div[@class=&#039;round-chip bg-round-blue status-font&#039;]&quot;}
  (Session info: chrome=120.0.6099.130)
For documentation on this error, please visit: https://www.seleniumhq.org/exceptions/no_such_element.html
Build info: version: &#039;3.141.59&#039;, revision: &#039;e82be7d358&#039;, time: &#039;2018-11-14T08:17:03&#039;
System info: host: &#039;DESKTOP-PTF1H2O&#039;, ip: &#039;192.168.1.9&#039;, os.name: &#039;Windows 10&#039;, os.arch: &#039;amd64&#039;, os.version: &#039;10.0&#039;, java.version: &#039;19.0.1&#039;
Driver info: org.openqa.selenium.chrome.ChromeDriver
Capabilities {acceptInsecureCerts: false, browserName: chrome, browserVersion: 120.0.6099.130, chrome: {chromedriverVersion: 120.0.6099.109 (3419140ab66..., userDataDir: C:\Users\Rahul\AppData\Loca...}, fedcm:accounts: true, goog:chromeOptions: {debuggerAddress: localhost:62220}, javascriptEnabled: true, networkConnectionEnabled: false, pageLoadStrategy: normal, platform: WINDOWS, platformName: WINDOWS, proxy: Proxy(), setWindowRect: true, strictFileInteractability: false, timeouts: {implicit: 0, pageLoad: 300000, script: 30000}, unhandledPromptBehavior: dismiss and notify, webauthn:extension:credBlob: true, webauthn:extension:largeBlob: true, webauthn:extension:minPinLength: true, webauthn:extension:prf: true, webauthn:virtualAuthenticators: true}
Session ID: 99123bdef80ec81bf7390f0c5daac823
*** Element info: {Using=xpath, value=//div[@class=&#039;round-chip bg-round-blue status-font&#039;]}" type="org.openqa.selenium.NoSuchElementException">
      <![CDATA[org.openqa.selenium.NoSuchElementException: no such element: Unable to locate element: {"method":"xpath","selector":"//div[@class='round-chip bg-round-blue status-font']"}
  (Session info: chrome=120.0.6099.130)
For documentation on this error, please visit: https://www.seleniumhq.org/exceptions/no_such_element.html
Build info: version: '3.141.59', revision: 'e82be7d358', time: '2018-11-14T08:17:03'
System info: host: 'DESKTOP-PTF1H2O', ip: '192.168.1.9', os.name: 'Windows 10', os.arch: 'amd64', os.version: '10.0', java.version: '19.0.1'
Driver info: org.openqa.selenium.chrome.ChromeDriver
Capabilities {acceptInsecureCerts: false, browserName: chrome, browserVersion: 120.0.6099.130, chrome: {chromedriverVersion: 120.0.6099.109 (3419140ab66..., userDataDir: C:\Users\Rahul\AppData\Loca...}, fedcm:accounts: true, goog:chromeOptions: {debuggerAddress: localhost:62220}, javascriptEnabled: true, networkConnectionEnabled: false, pageLoadStrategy: normal, platform: WINDOWS, platformName: WINDOWS, proxy: Proxy(), setWindowRect: true, strictFileInteractability: false, timeouts: {implicit: 0, pageLoad: 300000, script: 30000}, unhandledPromptBehavior: dismiss and notify, webauthn:extension:credBlob: true, webauthn:extension:largeBlob: true, webauthn:extension:minPinLength: true, webauthn:extension:prf: true, webauthn:virtualAuthenticators: true}
Session ID: 99123bdef80ec81bf7390f0c5daac823
*** Element info: {Using=xpath, value=//div[@class='round-chip bg-round-blue status-font']}
at java.base/jdk.internal.reflect.DirectConstructorHandleAccessor.newInstance(DirectConstructorHandleAccessor.java:67)
at java.base/java.lang.reflect.Constructor.newInstanceWithCaller(Constructor.java:500)
at java.base/java.lang.reflect.Constructor.newInstance(Constructor.java:484)
at org.openqa.selenium.remote.http.W3CHttpResponseCodec.createException(W3CHttpResponseCodec.java:187)
at org.openqa.selenium.remote.http.W3CHttpResponseCodec.decode(W3CHttpResponseCodec.java:122)
at org.openqa.selenium.remote.http.W3CHttpResponseCodec.decode(W3CHttpResponseCodec.java:49)
at org.openqa.selenium.remote.HttpCommandExecutor.execute(HttpCommandExecutor.java:158)
at org.openqa.selenium.remote.service.DriverCommandExecutor.execute(DriverCommandExecutor.java:83)
at org.openqa.selenium.remote.RemoteWebDriver.execute(RemoteWebDriver.java:552)
at org.openqa.selenium.remote.RemoteWebDriver.findElement(RemoteWebDriver.java:323)
at org.openqa.selenium.remote.RemoteWebDriver.findElementByXPath(RemoteWebDriver.java:428)
at org.openqa.selenium.By$ByXPath.findElement(By.java:353)
at org.openqa.selenium.remote.RemoteWebDriver.findElement(RemoteWebDriver.java:315)
at org.openqa.selenium.support.pagefactory.DefaultElementLocator.findElement(DefaultElementLocator.java:69)
at org.openqa.selenium.support.pagefactory.internal.LocatingElementHandler.invoke(LocatingElementHandler.java:38)
at jdk.proxy2/jdk.proxy2.$Proxy25.isDisplayed(Unknown Source)
at com.buildpiper.capabilities.UICapability.ui_IsElementDisplay(UICapability.java:190)
at com.buildpiper.base.Capability.ui_IsElementDisplay(Capability.java:265)
at com.buildpiper.pages.ServiceCreationPage.Verify_buildStatus(ServiceCreationPage.java:1302)
at com.buildpiper.testcases.ServiceCreationComprehensiveTestCases.serviceOverview_Promote(ServiceCreationComprehensiveTestCases.java:269)
at java.base/jdk.internal.reflect.DirectMethodHandleAccessor.invoke(DirectMethodHandleAccessor.java:104)
at java.base/java.lang.reflect.Method.invoke(Method.java:578)
at org.testng.internal.MethodInvocationHelper.invokeMethod(MethodInvocationHelper.java:134)
at org.testng.internal.TestInvoker.invokeMethod(TestInvoker.java:597)
at org.testng.internal.TestInvoker.invokeTestMethod(TestInvoker.java:173)
at org.testng.internal.MethodRunner.runInSequence(MethodRunner.java:46)
at org.testng.internal.TestInvoker$MethodInvocationAgent.invoke(TestInvoker.java:816)
at org.testng.internal.TestInvoker.invokeTestMethods(TestInvoker.java:146)
at org.testng.internal.TestMethodWorker.invokeTestMethods(TestMethodWorker.java:146)
at org.testng.internal.TestMethodWorker.run(TestMethodWorker.java:128)
at java.base/java.util.ArrayList.forEach(ArrayList.java:1511)
at org.testng.TestRunner.privateRun(TestRunner.java:766)
at org.testng.TestRunner.run(TestRunner.java:587)
at org.testng.SuiteRunner.runTest(SuiteRunner.java:384)
at org.testng.SuiteRunner.runSequentially(SuiteRunner.java:378)
at org.testng.SuiteRunner.privateRun(SuiteRunner.java:337)
at org.testng.SuiteRunner.run(SuiteRunner.java:286)
at org.testng.SuiteRunnerWorker.runSuite(SuiteRunnerWorker.java:53)
at org.testng.SuiteRunnerWorker.run(SuiteRunnerWorker.java:96)
at org.testng.TestNG.runSuitesSequentially(TestNG.java:1187)
at org.testng.TestNG.runSuitesLocally(TestNG.java:1109)
at org.testng.TestNG.runSuites(TestNG.java:1039)
at org.testng.TestNG.run(TestNG.java:1007)
at org.testng.remote.AbstractRemoteTestNG.run(AbstractRemoteTestNG.java:115)
at org.testng.remote.RemoteTestNG.initAndRun(RemoteTestNG.java:251)
at org.testng.remote.RemoteTestNG.main(RemoteTestNG.java:77)
]]>
    </error>
  </testcase> <!-- serviceOverview_Promote -->
  <system-out>
Element :[[ChromeDriver: chrome on WINDOWS (99123bdef80ec81bf7390f0c5daac823)] -> xpath: //div[@aria-controls='simple-menu']//div//div[2]//p]is displayed on screen Clicking on element userMenuAppBar <img src=D:\BuildPiper3.2_Rahul\Reports\27Dec_190511\serviceOverview_Promote_chrome\serviceOverview_Promote_chrome_361_Dec_190546.jpg alt='Lamp' width='500' height='400'> Element :[[ChromeDriver: chrome on WINDOWS (99123bdef80ec81bf7390f0c5daac823)] -> xpath: //p[@class='inactive-portal cursor-pointer']]is displayed on screen Clicking on element switching to user account <img src=D:\BuildPiper3.2_Rahul\Reports\27Dec_190511\serviceOverview_Promote_chrome\serviceOverview_Promote_chrome_361_Dec_190546.jpg alt='Lamp' width='500' height='400'> Element :[[ChromeDriver: chrome on WINDOWS (99123bdef80ec81bf7390f0c5daac823)] -> xpath: //li//button[@class='app-cluster-button']//span[1][@title]]is displayed on screen Element is present :[[ChromeDriver: chrome on WINDOWS (99123bdef80ec81bf7390f0c5daac823)] -> xpath: //li//button[@class='app-cluster-button']//span[1][@title]] <img src=D:\BuildPiper3.2_Rahul\Reports\27Dec_190511\serviceOverview_Promote_chrome\serviceOverview_Promote_chrome_361_Dec_190556.jpg alt='Lamp' width='500' height='400'> Element :[[ChromeDriver: chrome on WINDOWS (99123bdef80ec81bf7390f0c5daac823)] -> xpath: //button//div//span[@class='flaticon-expand-arrow']/../../..//div//button//p[text()='Service Overview']]is displayed on screen Clicking on element Poc_QA serviceOverviewLink <img src=D:\BuildPiper3.2_Rahul\Reports\27Dec_190511\serviceOverview_Promote_chrome\serviceOverview_Promote_chrome_361_Dec_190557.jpg alt='Lamp' width='500' height='400'> Element :[[ChromeDriver: chrome on WINDOWS (99123bdef80ec81bf7390f0c5daac823)] -> xpath: //button[text()=' Add Service']]is displayed on screen Element is present :[[ChromeDriver: chrome on WINDOWS (99123bdef80ec81bf7390f0c5daac823)] -> xpath: //button[text()=' Add Service']] <img src=D:\BuildPiper3.2_Rahul\Reports\27Dec_190511\serviceOverview_Promote_chrome\serviceOverview_Promote_chrome_361_Dec_190557.jpg alt='Lamp' width='500' height='400'> Element :[[ChromeDriver: chrome on WINDOWS (99123bdef80ec81bf7390f0c5daac823)] -> xpath: //button[text()=' Add Service']]is displayed on screen Clicking on element Poc_QA addServiceBtn <img src=D:\BuildPiper3.2_Rahul\Reports\27Dec_190511\serviceOverview_Promote_chrome\serviceOverview_Promote_chrome_361_Dec_190558.jpg alt='Lamp' width='500' height='400'> Element :[[ChromeDriver: chrome on WINDOWS (99123bdef80ec81bf7390f0c5daac823)] -> xpath: //h1[@class='main-heading']]is displayed on screen Element is present :[[ChromeDriver: chrome on WINDOWS (99123bdef80ec81bf7390f0c5daac823)] -> xpath: //h1[@class='main-heading']] <img src=D:\BuildPiper3.2_Rahul\Reports\27Dec_190511\serviceOverview_Promote_chrome\serviceOverview_Promote_chrome_361_Dec_190558.jpg alt='Lamp' width='500' height='400'> Element :[[ChromeDriver: chrome on WINDOWS (99123bdef80ec81bf7390f0c5daac823)] -> xpath: //p[(@class='sub-heading-primary')]]is displayed on screen Element is present :[[ChromeDriver: chrome on WINDOWS (99123bdef80ec81bf7390f0c5daac823)] -> xpath: //p[(@class='sub-heading-primary')]] <img src=D:\BuildPiper3.2_Rahul\Reports\27Dec_190511\serviceOverview_Promote_chrome\serviceOverview_Promote_chrome_361_Dec_190558.jpg alt='Lamp' width='500' height='400'> Element :[[ChromeDriver: chrome on WINDOWS (99123bdef80ec81bf7390f0c5daac823)] -> xpath: //input[@placeholder='demo-app']]is displayed on screen Setting value on element sets service name <img src=D:\BuildPiper3.2_Rahul\Reports\27Dec_190511\serviceOverview_Promote_chrome\serviceOverview_Promote_chrome_361_Dec_190559.jpg alt='Lamp' width='500' height='400'> Element :[[ChromeDriver: chrome on WINDOWS (99123bdef80ec81bf7390f0c5daac823)] -> xpath: //input[@placeholder='Sample-Service']]is displayed on screen Setting value on element sets external name <img src=D:\BuildPiper3.2_Rahul\Reports\27Dec_190511\serviceOverview_Promote_chrome\serviceOverview_Promote_chrome_361_Dec_190559.jpg alt='Lamp' width='500' height='400'> Element :[[ChromeDriver: chrome on WINDOWS (99123bdef80ec81bf7390f0c5daac823)] -> xpath: //span[contains(.,'Build for every environment')]]is displayed on screen Clicking on element Poc_QA selectEveryRadioBtn <img src=D:\BuildPiper3.2_Rahul\Reports\27Dec_190511\serviceOverview_Promote_chrome\serviceOverview_Promote_chrome_361_Dec_190559.jpg alt='Lamp' width='500' height='400'> Element :[[ChromeDriver: chrome on WINDOWS (99123bdef80ec81bf7390f0c5daac823)] -> xpath: //button[@class='btn btn-submit']]is displayed on screen Clicking on element Poc_QA SubmitCreatePage <img src=D:\BuildPiper3.2_Rahul\Reports\27Dec_190511\serviceOverview_Promote_chrome\serviceOverview_Promote_chrome_361_Dec_190559.jpg alt='Lamp' width='500' height='400'> Element :[[ChromeDriver: chrome on WINDOWS (99123bdef80ec81bf7390f0c5daac823)] -> xpath: //h1[@class='h1' and contains(.,'Create a Environment')]]is displayed on screen Element is present :[[ChromeDriver: chrome on WINDOWS (99123bdef80ec81bf7390f0c5daac823)] -> xpath: //h1[@class='h1' and contains(.,'Create a Environment')]] <img src=D:\BuildPiper3.2_Rahul\Reports\27Dec_190511\serviceOverview_Promote_chrome\serviceOverview_Promote_chrome_361_Dec_190601.jpg alt='Lamp' width='500' height='400'> Element :[[ChromeDriver: chrome on WINDOWS (99123bdef80ec81bf7390f0c5daac823)] -> xpath: //div[@class='staticwrap-inner']]is displayed on screen Element is present :[[ChromeDriver: chrome on WINDOWS (99123bdef80ec81bf7390f0c5daac823)] -> xpath: //div[@class='staticwrap-inner']] <img src=D:\BuildPiper3.2_Rahul\Reports\27Dec_190511\serviceOverview_Promote_chrome\serviceOverview_Promote_chrome_361_Dec_190601.jpg alt='Lamp' width='500' height='400'> Element :[[ChromeDriver: chrome on WINDOWS (99123bdef80ec81bf7390f0c5daac823)] -> xpath: //select[@name='env_id']]is displayed on screen Element is present :[[ChromeDriver: chrome on WINDOWS (99123bdef80ec81bf7390f0c5daac823)] -> xpath: //select[@name='env_id']] <img src=D:\BuildPiper3.2_Rahul\Reports\27Dec_190511\serviceOverview_Promote_chrome\serviceOverview_Promote_chrome_361_Dec_190601.jpg alt='Lamp' width='500' height='400'> Element :[[ChromeDriver: chrome on WINDOWS (99123bdef80ec81bf7390f0c5daac823)] -> xpath: //button[@class='btn btn-submit']]is displayed on screen Element is present :[[ChromeDriver: chrome on WINDOWS (99123bdef80ec81bf7390f0c5daac823)] -> xpath: //button[@class='btn btn-submit']] <img src=D:\BuildPiper3.2_Rahul\Reports\27Dec_190511\serviceOverview_Promote_chrome\serviceOverview_Promote_chrome_361_Dec_190611.jpg alt='Lamp' width='500' height='400'> Element :[[ChromeDriver: chrome on WINDOWS (99123bdef80ec81bf7390f0c5daac823)] -> xpath: //button[@class='btn btn-submit']]is displayed on screen Clicking on element Poc_QA SubmitEnvPage <img src=D:\BuildPiper3.2_Rahul\Reports\27Dec_190511\serviceOverview_Promote_chrome\serviceOverview_Promote_chrome_361_Dec_190611.jpg alt='Lamp' width='500' height='400'> Element :[[ChromeDriver: chrome on WINDOWS (99123bdef80ec81bf7390f0c5daac823)] -> xpath: //div[@class='text-icon-section']//div//div]is displayed on screen Element is present :[[ChromeDriver: chrome on WINDOWS (99123bdef80ec81bf7390f0c5daac823)] -> xpath: //div[@class='text-icon-section']//div//div] <img src=D:\BuildPiper3.2_Rahul\Reports\27Dec_190511\serviceOverview_Promote_chrome\serviceOverview_Promote_chrome_361_Dec_190612.jpg alt='Lamp' width='500' height='400'> Element :[[ChromeDriver: chrome on WINDOWS (99123bdef80ec81bf7390f0c5daac823)] -> xpath: //span[contains(text(),'Project:')]/..//span[2]]is displayed on screen Element is present :[[ChromeDriver: chrome on WINDOWS (99123bdef80ec81bf7390f0c5daac823)] -> xpath: //span[contains(text(),'Project:')]/..//span[2]] <img src=D:\BuildPiper3.2_Rahul\Reports\27Dec_190511\serviceOverview_Promote_chrome\serviceOverview_Promote_chrome_361_Dec_190613.jpg alt='Lamp' width='500' height='400'> Element :[[ChromeDriver: chrome on WINDOWS (99123bdef80ec81bf7390f0c5daac823)] -> xpath: //*[text()='Env Build Details']]is displayed on screen Clicking on element Poc_QA validateBuildDetails <img src=D:\BuildPiper3.2_Rahul\Reports\27Dec_190511\serviceOverview_Promote_chrome\serviceOverview_Promote_chrome_361_Dec_190613.jpg alt='Lamp' width='500' height='400'> Element :[[ChromeDriver: chrome on WINDOWS (99123bdef80ec81bf7390f0c5daac823)] -> xpath: //p[@class='main-text mb-10']]is displayed on screen Element is present :[[ChromeDriver: chrome on WINDOWS (99123bdef80ec81bf7390f0c5daac823)] -> xpath: //p[@class='main-text mb-10']] <img src=D:\BuildPiper3.2_Rahul\Reports\27Dec_190511\serviceOverview_Promote_chrome\serviceOverview_Promote_chrome_361_Dec_190613.jpg alt='Lamp' width='500' height='400'> Element :[[ChromeDriver: chrome on WINDOWS (99123bdef80ec81bf7390f0c5daac823)] -> xpath: //span[@class='sub-text mb-10']]is displayed on screen Element is present :[[ChromeDriver: chrome on WINDOWS (99123bdef80ec81bf7390f0c5daac823)] -> xpath: //span[@class='sub-text mb-10']] <img src=D:\BuildPiper3.2_Rahul\Reports\27Dec_190511\serviceOverview_Promote_chrome\serviceOverview_Promote_chrome_361_Dec_190613.jpg alt='Lamp' width='500' height='400'> Element :[[ChromeDriver: chrome on WINDOWS (99123bdef80ec81bf7390f0c5daac823)] -> xpath: //*[text()='Env Deploy Details']]is displayed on screen Element is present :[[ChromeDriver: chrome on WINDOWS (99123bdef80ec81bf7390f0c5daac823)] -> xpath: //*[text()='Env Deploy Details']] <img src=D:\BuildPiper3.2_Rahul\Reports\27Dec_190511\serviceOverview_Promote_chrome\serviceOverview_Promote_chrome_361_Dec_190614.jpg alt='Lamp' width='500' height='400'> Element :[[ChromeDriver: chrome on WINDOWS (99123bdef80ec81bf7390f0c5daac823)] -> xpath: //*[text()='Env Deploy Details']]is displayed on screen Clicking on element Poc_QA validateDeployDetails <img src=D:\BuildPiper3.2_Rahul\Reports\27Dec_190511\serviceOverview_Promote_chrome\serviceOverview_Promote_chrome_361_Dec_190614.jpg alt='Lamp' width='500' height='400'> Element :[[ChromeDriver: chrome on WINDOWS (99123bdef80ec81bf7390f0c5daac823)] -> xpath: //p[@class='main-text mb-10']]is displayed on screen Element is present :[[ChromeDriver: chrome on WINDOWS (99123bdef80ec81bf7390f0c5daac823)] -> xpath: //p[@class='main-text mb-10']] <img src=D:\BuildPiper3.2_Rahul\Reports\27Dec_190511\serviceOverview_Promote_chrome\serviceOverview_Promote_chrome_361_Dec_190614.jpg alt='Lamp' width='500' height='400'> Element :[[ChromeDriver: chrome on WINDOWS (99123bdef80ec81bf7390f0c5daac823)] -> xpath: //span[@class='sub-text mb-10']]is displayed on screen Element is present :[[ChromeDriver: chrome on WINDOWS (99123bdef80ec81bf7390f0c5daac823)] -> xpath: //span[@class='sub-text mb-10']] <img src=D:\BuildPiper3.2_Rahul\Reports\27Dec_190511\serviceOverview_Promote_chrome\serviceOverview_Promote_chrome_361_Dec_190614.jpg alt='Lamp' width='500' height='400'> Element :[[ChromeDriver: chrome on WINDOWS (99123bdef80ec81bf7390f0c5daac823)] -> xpath: //*[text()='To have a very smooth configuration we strongly recommend BuildPiper UI.']]is displayed on screen Element is present :[[ChromeDriver: chrome on WINDOWS (99123bdef80ec81bf7390f0c5daac823)] -> xpath: //*[text()='To have a very smooth configuration we strongly recommend BuildPiper UI.']] <img src=D:\BuildPiper3.2_Rahul\Reports\27Dec_190511\serviceOverview_Promote_chrome\serviceOverview_Promote_chrome_361_Dec_190615.jpg alt='Lamp' width='500' height='400'> Element :[[ChromeDriver: chrome on WINDOWS (99123bdef80ec81bf7390f0c5daac823)] -> xpath: //*[text()='you can also configure the CD by uploading your custom manifest file.']]is displayed on screen Element is present :[[ChromeDriver: chrome on WINDOWS (99123bdef80ec81bf7390f0c5daac823)] -> xpath: //*[text()='you can also configure the CD by uploading your custom manifest file.']] <img src=D:\BuildPiper3.2_Rahul\Reports\27Dec_190511\serviceOverview_Promote_chrome\serviceOverview_Promote_chrome_361_Dec_190615.jpg alt='Lamp' width='500' height='400'> Element :[[ChromeDriver: chrome on WINDOWS (99123bdef80ec81bf7390f0c5daac823)] -> xpath: //*[text()='Other Deployment Info']]is displayed on screen Element is present :[[ChromeDriver: chrome on WINDOWS (99123bdef80ec81bf7390f0c5daac823)] -> xpath: //*[text()='Other Deployment Info']] <img src=D:\BuildPiper3.2_Rahul\Reports\27Dec_190511\serviceOverview_Promote_chrome\serviceOverview_Promote_chrome_361_Dec_190615.jpg alt='Lamp' width='500' height='400'> Element :[[ChromeDriver: chrome on WINDOWS (99123bdef80ec81bf7390f0c5daac823)] -> xpath: //*[text()='Other Deployment Info']]is displayed on screen Clicking on element User has selected other deployment details under deployment configuration <img src=D:\BuildPiper3.2_Rahul\Reports\27Dec_190511\serviceOverview_Promote_chrome\serviceOverview_Promote_chrome_361_Dec_190615.jpg alt='Lamp' width='500' height='400'> Element :[[ChromeDriver: chrome on WINDOWS (99123bdef80ec81bf7390f0c5daac823)] -> xpath: //*[text()='Other Deployment Details']]is displayed on screen Element is present :[[ChromeDriver: chrome on WINDOWS (99123bdef80ec81bf7390f0c5daac823)] -> xpath: //*[text()='Other Deployment Details']] <img src=D:\BuildPiper3.2_Rahul\Reports\27Dec_190511\serviceOverview_Promote_chrome\serviceOverview_Promote_chrome_361_Dec_190616.jpg alt='Lamp' width='500' height='400'> Element :[[ChromeDriver: chrome on WINDOWS (99123bdef80ec81bf7390f0c5daac823)] -> xpath: //*[text()='To know more about access levels please read the ']]is displayed on screen Element is present :[[ChromeDriver: chrome on WINDOWS (99123bdef80ec81bf7390f0c5daac823)] -> xpath: //*[text()='To know more about access levels please read the ']] <img src=D:\BuildPiper3.2_Rahul\Reports\27Dec_190511\serviceOverview_Promote_chrome\serviceOverview_Promote_chrome_361_Dec_190616.jpg alt='Lamp' width='500' height='400'> Element :[[ChromeDriver: chrome on WINDOWS (99123bdef80ec81bf7390f0c5daac823)] -> xpath: //*[text()=' Please configure deployment details to setup HPA(Horizontal Pod Autoscaling)']]is displayed on screen Element is present :[[ChromeDriver: chrome on WINDOWS (99123bdef80ec81bf7390f0c5daac823)] -> xpath: //*[text()=' Please configure deployment details to setup HPA(Horizontal Pod Autoscaling)']] <img src=D:\BuildPiper3.2_Rahul\Reports\27Dec_190511\serviceOverview_Promote_chrome\serviceOverview_Promote_chrome_361_Dec_190616.jpg alt='Lamp' width='500' height='400'> Element :[[ChromeDriver: chrome on WINDOWS (99123bdef80ec81bf7390f0c5daac823)] -> xpath: //*[text()='Generated Manifest']]is displayed on screen Element is present :[[ChromeDriver: chrome on WINDOWS (99123bdef80ec81bf7390f0c5daac823)] -> xpath: //*[text()='Generated Manifest']] <img src=D:\BuildPiper3.2_Rahul\Reports\27Dec_190511\serviceOverview_Promote_chrome\serviceOverview_Promote_chrome_361_Dec_190616.jpg alt='Lamp' width='500' height='400'> Element :[[ChromeDriver: chrome on WINDOWS (99123bdef80ec81bf7390f0c5daac823)] -> xpath: //*[text()='Generated Manifest']]is displayed on screen Clicking on element Poc_QA validateGeneratedManifest <img src=D:\BuildPiper3.2_Rahul\Reports\27Dec_190511\serviceOverview_Promote_chrome\serviceOverview_Promote_chrome_361_Dec_190616.jpg alt='Lamp' width='500' height='400'> Element :[[ChromeDriver: chrome on WINDOWS (99123bdef80ec81bf7390f0c5daac823)] -> xpath: //*[text()='No Manifest File has been generated.']]is displayed on screen Element is present :[[ChromeDriver: chrome on WINDOWS (99123bdef80ec81bf7390f0c5daac823)] -> xpath: //*[text()='No Manifest File has been generated.']] <img src=D:\BuildPiper3.2_Rahul\Reports\27Dec_190511\serviceOverview_Promote_chrome\serviceOverview_Promote_chrome_361_Dec_190617.jpg alt='Lamp' width='500' height='400'> Element :[[ChromeDriver: chrome on WINDOWS (99123bdef80ec81bf7390f0c5daac823)] -> xpath: //*[text()='Env Build Details']]is displayed on screen Element is present :[[ChromeDriver: chrome on WINDOWS (99123bdef80ec81bf7390f0c5daac823)] -> xpath: //*[text()='Env Build Details']] <img src=D:\BuildPiper3.2_Rahul\Reports\27Dec_190511\serviceOverview_Promote_chrome\serviceOverview_Promote_chrome_361_Dec_190617.jpg alt='Lamp' width='500' height='400'> Element :[[ChromeDriver: chrome on WINDOWS (99123bdef80ec81bf7390f0c5daac823)] -> xpath: //*[text()='Env Build Details']]is displayed on screen Clicking on element Poc_QA validateBuildDetails <img src=D:\BuildPiper3.2_Rahul\Reports\27Dec_190511\serviceOverview_Promote_chrome\serviceOverview_Promote_chrome_361_Dec_190617.jpg alt='Lamp' width='500' height='400'> Element :[[ChromeDriver: chrome on WINDOWS (99123bdef80ec81bf7390f0c5daac823)] -> xpath: //*[text()='Configure Build']]is displayed on screen Element is present :[[ChromeDriver: chrome on WINDOWS (99123bdef80ec81bf7390f0c5daac823)] -> xpath: //*[text()='Configure Build']] <img src=D:\BuildPiper3.2_Rahul\Reports\27Dec_190511\serviceOverview_Promote_chrome\serviceOverview_Promote_chrome_361_Dec_190617.jpg alt='Lamp' width='500' height='400'> Element :[[ChromeDriver: chrome on WINDOWS (99123bdef80ec81bf7390f0c5daac823)] -> xpath: //*[text()='Configure Build']]is displayed on screen Clicking on element Poc_QA clickConfigBuild <img src=D:\BuildPiper3.2_Rahul\Reports\27Dec_190511\serviceOverview_Promote_chrome\serviceOverview_Promote_chrome_361_Dec_190618.jpg alt='Lamp' width='500' height='400'> Element :[[ChromeDriver: chrome on WINDOWS (99123bdef80ec81bf7390f0c5daac823)] -> xpath: //div[@class='md-step-circle current']]is displayed on screen Element is present :[[ChromeDriver: chrome on WINDOWS (99123bdef80ec81bf7390f0c5daac823)] -> xpath: //div[@class='md-step-circle current']] <img src=D:\BuildPiper3.2_Rahul\Reports\27Dec_190511\serviceOverview_Promote_chrome\serviceOverview_Promote_chrome_361_Dec_190621.jpg alt='Lamp' width='500' height='400'> Element :[[ChromeDriver: chrome on WINDOWS (99123bdef80ec81bf7390f0c5daac823)] -> xpath: //h4[@class='mainHeading']]is displayed on screen Element is present :[[ChromeDriver: chrome on WINDOWS (99123bdef80ec81bf7390f0c5daac823)] -> xpath: //h4[@class='mainHeading']] <img src=D:\BuildPiper3.2_Rahul\Reports\27Dec_190511\serviceOverview_Promote_chrome\serviceOverview_Promote_chrome_361_Dec_190621.jpg alt='Lamp' width='500' height='400'> Element :[[ChromeDriver: chrome on WINDOWS (99123bdef80ec81bf7390f0c5daac823)] -> xpath: //*[text()='Please Select the Git URL']]is displayed on screen Element is present :[[ChromeDriver: chrome on WINDOWS (99123bdef80ec81bf7390f0c5daac823)] -> xpath: //*[text()='Please Select the Git URL']] <img src=D:\BuildPiper3.2_Rahul\Reports\27Dec_190511\serviceOverview_Promote_chrome\serviceOverview_Promote_chrome_361_Dec_190621.jpg alt='Lamp' width='500' height='400'> Element :[[ChromeDriver: chrome on WINDOWS (99123bdef80ec81bf7390f0c5daac823)] -> xpath: //div[@class='MuiInputBase-root MuiOutlinedInput-root MuiAutocomplete-inputRoot MuiInputBase-fullWidth MuiInputBase-formControl MuiInputBase-adornedEnd MuiOutlinedInput-adornedEnd']]is displayed on screen Element is present :[[ChromeDriver: chrome on WINDOWS (99123bdef80ec81bf7390f0c5daac823)] -> xpath: //div[@class='MuiInputBase-root MuiOutlinedInput-root MuiAutocomplete-inputRoot MuiInputBase-fullWidth MuiInputBase-formControl MuiInputBase-adornedEnd MuiOutlinedInput-adornedEnd']] <img src=D:\BuildPiper3.2_Rahul\Reports\27Dec_190511\serviceOverview_Promote_chrome\serviceOverview_Promote_chrome_361_Dec_190622.jpg alt='Lamp' width='500' height='400'> Element :[[ChromeDriver: chrome on WINDOWS (99123bdef80ec81bf7390f0c5daac823)] -> xpath: //input[@name='git_url']]is displayed on screen Clicking on element Poc_QA gitUrlInputField <img src=D:\BuildPiper3.2_Rahul\Reports\27Dec_190511\serviceOverview_Promote_chrome\serviceOverview_Promote_chrome_361_Dec_190622.jpg alt='Lamp' width='500' height='400'> Element :[[ChromeDriver: chrome on WINDOWS (99123bdef80ec81bf7390f0c5daac823)] -> xpath: //button[@title='Clear']]is displayed on screen Clicking on element ClicksclearField <img src=D:\BuildPiper3.2_Rahul\Reports\27Dec_190511\serviceOverview_Promote_chrome\serviceOverview_Promote_chrome_361_Dec_190627.jpg alt='Lamp' width='500' height='400'> Element :[[ChromeDriver: chrome on WINDOWS (99123bdef80ec81bf7390f0c5daac823)] -> xpath: //input[@name='git_url']]is displayed on screen Element :[[ChromeDriver: chrome on WINDOWS (99123bdef80ec81bf7390f0c5daac823)] -> xpath: //*[text()='Load Branches']]is displayed on screen Element is present :[[ChromeDriver: chrome on WINDOWS (99123bdef80ec81bf7390f0c5daac823)] -> xpath: //*[text()='Load Branches']] <img src=D:\BuildPiper3.2_Rahul\Reports\27Dec_190511\serviceOverview_Promote_chrome\serviceOverview_Promote_chrome_361_Dec_190637.jpg alt='Lamp' width='500' height='400'> Element :[[ChromeDriver: chrome on WINDOWS (99123bdef80ec81bf7390f0c5daac823)] -> xpath: //*[text()='Load Branches']]is displayed on screen Clicking on element Poc_QA loadBranchesBtn <img src=D:\BuildPiper3.2_Rahul\Reports\27Dec_190511\serviceOverview_Promote_chrome\serviceOverview_Promote_chrome_361_Dec_190637.jpg alt='Lamp' width='500' height='400'> Element :[[ChromeDriver: chrome on WINDOWS (99123bdef80ec81bf7390f0c5daac823)] -> xpath: //input[@name='file_paths']]is displayed on screen Element :[[ChromeDriver: chrome on WINDOWS (99123bdef80ec81bf7390f0c5daac823)] -> xpath: //input[@name='file_paths_build_context']]is displayed on screen Element :[[ChromeDriver: chrome on WINDOWS (99123bdef80ec81bf7390f0c5daac823)] -> xpath: //*[text()='Advance Configurations']]is displayed on screen Element is present :[[ChromeDriver: chrome on WINDOWS (99123bdef80ec81bf7390f0c5daac823)] -> xpath: //*[text()='Advance Configurations']] <img src=D:\BuildPiper3.2_Rahul\Reports\27Dec_190511\serviceOverview_Promote_chrome\serviceOverview_Promote_chrome_361_Dec_190651.jpg alt='Lamp' width='500' height='400'> Element :[[ChromeDriver: chrome on WINDOWS (99123bdef80ec81bf7390f0c5daac823)] -> xpath: //button[text()='Continue']]is displayed on screen Clicking on element Poc_QA clickContinueBtn <img src=D:\BuildPiper3.2_Rahul\Reports\27Dec_190511\serviceOverview_Promote_chrome\serviceOverview_Promote_chrome_361_Dec_190651.jpg alt='Lamp' width='500' height='400'> Element :[[ChromeDriver: chrome on WINDOWS (99123bdef80ec81bf7390f0c5daac823)] -> xpath: //h4[@class='mainHeading']]is displayed on screen Element is present :[[ChromeDriver: chrome on WINDOWS (99123bdef80ec81bf7390f0c5daac823)] -> xpath: //h4[@class='mainHeading']] <img src=D:\BuildPiper3.2_Rahul\Reports\27Dec_190511\serviceOverview_Promote_chrome\serviceOverview_Promote_chrome_361_Dec_190657.jpg alt='Lamp' width='500' height='400'> Element :[[ChromeDriver: chrome on WINDOWS (99123bdef80ec81bf7390f0c5daac823)] -> xpath: //*[text()='Build Env Details']]is displayed on screen Element is present :[[ChromeDriver: chrome on WINDOWS (99123bdef80ec81bf7390f0c5daac823)] -> xpath: //*[text()='Build Env Details']] <img src=D:\BuildPiper3.2_Rahul\Reports\27Dec_190511\serviceOverview_Promote_chrome\serviceOverview_Promote_chrome_361_Dec_190657.jpg alt='Lamp' width='500' height='400'> Element :[[ChromeDriver: chrome on WINDOWS (99123bdef80ec81bf7390f0c5daac823)] -> xpath: //span[@class='switch-label'][@data-on]]is displayed on screen Clicking on element Poc_QA envDetailsSwitch <img src=D:\BuildPiper3.2_Rahul\Reports\27Dec_190511\serviceOverview_Promote_chrome\serviceOverview_Promote_chrome_361_Dec_190657.jpg alt='Lamp' width='500' height='400'> Element :[[ChromeDriver: chrome on WINDOWS (99123bdef80ec81bf7390f0c5daac823)] -> xpath: //input[@name='key']]is displayed on screen Setting value on element Poc_QA envName <img src=D:\BuildPiper3.2_Rahul\Reports\27Dec_190511\serviceOverview_Promote_chrome\serviceOverview_Promote_chrome_361_Dec_190657.jpg alt='Lamp' width='500' height='400'> Element :[[ChromeDriver: chrome on WINDOWS (99123bdef80ec81bf7390f0c5daac823)] -> xpath: //input[@name='value']]is displayed on screen Setting value on element Poc_QA envValue <img src=D:\BuildPiper3.2_Rahul\Reports\27Dec_190511\serviceOverview_Promote_chrome\serviceOverview_Promote_chrome_361_Dec_190658.jpg alt='Lamp' width='500' height='400'> Element :[[ChromeDriver: chrome on WINDOWS (99123bdef80ec81bf7390f0c5daac823)] -> xpath: //button[text()='Continue']]is displayed on screen Clicking on element Poc_QA clickContinueBtn <img src=D:\BuildPiper3.2_Rahul\Reports\27Dec_190511\serviceOverview_Promote_chrome\serviceOverview_Promote_chrome_361_Dec_190658.jpg alt='Lamp' width='500' height='400'> Element :[[ChromeDriver: chrome on WINDOWS (99123bdef80ec81bf7390f0c5daac823)] -> xpath: //input[@name='pre_hook_enabled']/../span[@class='switch-handle']]is displayed on screen Clicking on element Poc_QA preHooksSwitch <img src=D:\BuildPiper3.2_Rahul\Reports\27Dec_190511\serviceOverview_Promote_chrome\serviceOverview_Promote_chrome_361_Dec_190658.jpg alt='Lamp' width='500' height='400'> Element :[[ChromeDriver: chrome on WINDOWS (99123bdef80ec81bf7390f0c5daac823)] -> xpath: //p[contains(.,'Add Pre Hook')]/../../..//input[@placeholder='Run Command' and string-length(@value)=0]]is displayed on screen Setting value on element Poc_QA preHooksPasswordBox1 <img src=D:\BuildPiper3.2_Rahul\Reports\27Dec_190511\serviceOverview_Promote_chrome\serviceOverview_Promote_chrome_361_Dec_190658.jpg alt='Lamp' width='500' height='400'> Element :[[ChromeDriver: chrome on WINDOWS (99123bdef80ec81bf7390f0c5daac823)] -> xpath: //button[@class='nowrap']]is displayed on screen Clicking on element clicks on add New Hook <img src=D:\BuildPiper3.2_Rahul\Reports\27Dec_190511\serviceOverview_Promote_chrome\serviceOverview_Promote_chrome_361_Dec_190659.jpg alt='Lamp' width='500' height='400'> Element :[[ChromeDriver: chrome on WINDOWS (99123bdef80ec81bf7390f0c5daac823)] -> xpath: //p[contains(.,'Add Pre Hook')]/../../..//input[@placeholder='Run Command' and string-length(@value)=0]]is displayed on screen Setting value on element Poc_QA preHooksPasswordBox2 <img src=D:\BuildPiper3.2_Rahul\Reports\27Dec_190511\serviceOverview_Promote_chrome\serviceOverview_Promote_chrome_361_Dec_190659.jpg alt='Lamp' width='500' height='400'> Element :[[ChromeDriver: chrome on WINDOWS (99123bdef80ec81bf7390f0c5daac823)] -> xpath: //input[@name='post_hook_enabled']/../span[@class='switch-handle']]is displayed on screen Clicking on element Poc_QA postHooksSwitch <img src=D:\BuildPiper3.2_Rahul\Reports\27Dec_190511\serviceOverview_Promote_chrome\serviceOverview_Promote_chrome_361_Dec_190659.jpg alt='Lamp' width='500' height='400'> Element :[[ChromeDriver: chrome on WINDOWS (99123bdef80ec81bf7390f0c5daac823)] -> xpath: //p[contains(.,'Add Post Hook')]/../../..//input[@placeholder='Run Command' and string-length(@value)=0]]is displayed on screen Setting value on element Poc_QA postHooksPasswordBox1 <img src=D:\BuildPiper3.2_Rahul\Reports\27Dec_190511\serviceOverview_Promote_chrome\serviceOverview_Promote_chrome_361_Dec_190700.jpg alt='Lamp' width='500' height='400'> Element :[[ChromeDriver: chrome on WINDOWS (99123bdef80ec81bf7390f0c5daac823)] -> xpath: (//button[@class='nowrap'])[2]]is displayed on screen Clicking on element clicks on add New Post Hook <img src=D:\BuildPiper3.2_Rahul\Reports\27Dec_190511\serviceOverview_Promote_chrome\serviceOverview_Promote_chrome_361_Dec_190700.jpg alt='Lamp' width='500' height='400'> Element :[[ChromeDriver: chrome on WINDOWS (99123bdef80ec81bf7390f0c5daac823)] -> xpath: //p[contains(.,'Add Post Hook')]/../../..//input[@placeholder='Run Command' and string-length(@value)=0]]is displayed on screen Setting value on element Poc_QA postHooksPasswordBox2 <img src=D:\BuildPiper3.2_Rahul\Reports\27Dec_190511\serviceOverview_Promote_chrome\serviceOverview_Promote_chrome_361_Dec_190700.jpg alt='Lamp' width='500' height='400'> Element :[[ChromeDriver: chrome on WINDOWS (99123bdef80ec81bf7390f0c5daac823)] -> xpath: //button[@class='btn btn-submit']]is displayed on screen Clicking on element Poc_QA submitHooks <img src=D:\BuildPiper3.2_Rahul\Reports\27Dec_190511\serviceOverview_Promote_chrome\serviceOverview_Promote_chrome_361_Dec_190700.jpg alt='Lamp' width='500' height='400'> Element :[[ChromeDriver: chrome on WINDOWS (99123bdef80ec81bf7390f0c5daac823)] -> xpath: /html/body/div[1]/div/main/div[1]/div/div[1]/div/div/div[2]/div[2]/span[2]]is displayed on screen Element is present :[[ChromeDriver: chrome on WINDOWS (99123bdef80ec81bf7390f0c5daac823)] -> xpath: /html/body/div[1]/div/main/div[1]/div/div[1]/div/div/div[2]/div[2]/span[2]] <img src=D:\BuildPiper3.2_Rahul\Reports\27Dec_190511\serviceOverview_Promote_chrome\serviceOverview_Promote_chrome_361_Dec_190702.jpg alt='Lamp' width='500' height='400'> Element :[[ChromeDriver: chrome on WINDOWS (99123bdef80ec81bf7390f0c5daac823)] -> xpath: //*[text()='Job Template: ']]is displayed on screen Element is present :[[ChromeDriver: chrome on WINDOWS (99123bdef80ec81bf7390f0c5daac823)] -> xpath: //*[text()='Job Template: ']] <img src=D:\BuildPiper3.2_Rahul\Reports\27Dec_190511\serviceOverview_Promote_chrome\serviceOverview_Promote_chrome_361_Dec_190702.jpg alt='Lamp' width='500' height='400'> Element :[[ChromeDriver: chrome on WINDOWS (99123bdef80ec81bf7390f0c5daac823)] -> xpath: //*[text()='Env Deploy Details']]is displayed on screen Element is present :[[ChromeDriver: chrome on WINDOWS (99123bdef80ec81bf7390f0c5daac823)] -> xpath: //*[text()='Env Deploy Details']] <img src=D:\BuildPiper3.2_Rahul\Reports\27Dec_190511\serviceOverview_Promote_chrome\serviceOverview_Promote_chrome_361_Dec_190703.jpg alt='Lamp' width='500' height='400'> Element :[[ChromeDriver: chrome on WINDOWS (99123bdef80ec81bf7390f0c5daac823)] -> xpath: //*[text()='Env Deploy Details']]is displayed on screen Clicking on element Poc_QA validateDeployDetails <img src=D:\BuildPiper3.2_Rahul\Reports\27Dec_190511\serviceOverview_Promote_chrome\serviceOverview_Promote_chrome_361_Dec_190703.jpg alt='Lamp' width='500' height='400'> Element :[[ChromeDriver: chrome on WINDOWS (99123bdef80ec81bf7390f0c5daac823)] -> xpath: //button[@class='btn btn-submit']]is displayed on screen Element is present :[[ChromeDriver: chrome on WINDOWS (99123bdef80ec81bf7390f0c5daac823)] -> xpath: //button[@class='btn btn-submit']] <img src=D:\BuildPiper3.2_Rahul\Reports\27Dec_190511\serviceOverview_Promote_chrome\serviceOverview_Promote_chrome_361_Dec_190703.jpg alt='Lamp' width='500' height='400'> Element :[[ChromeDriver: chrome on WINDOWS (99123bdef80ec81bf7390f0c5daac823)] -> xpath: //button[@class='btn btn-submit']]is displayed on screen Clicking on element clicks on buildPiperUI button <img src=D:\BuildPiper3.2_Rahul\Reports\27Dec_190511\serviceOverview_Promote_chrome\serviceOverview_Promote_chrome_361_Dec_190703.jpg alt='Lamp' width='500' height='400'> Element :[[ChromeDriver: chrome on WINDOWS (99123bdef80ec81bf7390f0c5daac823)] -> xpath: //button//span[text()=' Add Access Level']]is displayed on screen Clicking on element Add Access Level <img src=D:\BuildPiper3.2_Rahul\Reports\27Dec_190511\serviceOverview_Promote_chrome\serviceOverview_Promote_chrome_361_Dec_190705.jpg alt='Lamp' width='500' height='400'> Clicking on element Poc_QA privateAccess <img src=D:\BuildPiper3.2_Rahul\Reports\27Dec_190511\serviceOverview_Promote_chrome\serviceOverview_Promote_chrome_361_Dec_190737.jpg alt='Lamp' width='500' height='400'> Element :[[ChromeDriver: chrome on WINDOWS (99123bdef80ec81bf7390f0c5daac823)] -> xpath: //input[@placeholder='name'][@name='name']]is displayed on screen Element :[[ChromeDriver: chrome on WINDOWS (99123bdef80ec81bf7390f0c5daac823)] -> xpath: //input[@placeholder='4001'][@name='port']]is displayed on screen Element :[[ChromeDriver: chrome on WINDOWS (99123bdef80ec81bf7390f0c5daac823)] -> xpath: //input[@placeholder='4001'][@name='target_port']]is displayed on screen Element :[[ChromeDriver: chrome on WINDOWS (99123bdef80ec81bf7390f0c5daac823)] -> xpath: //button[@class='btn btn-v2-primary btn-sm']]is displayed on screen Clicking on element clicks add button <img src=D:\BuildPiper3.2_Rahul\Reports\27Dec_190511\serviceOverview_Promote_chrome\serviceOverview_Promote_chrome_361_Dec_190738.jpg alt='Lamp' width='500' height='400'> Element :[[ChromeDriver: chrome on WINDOWS (99123bdef80ec81bf7390f0c5daac823)] -> xpath: //button[@class='btn btn-submit']]is displayed on screen Clicking on element clicks continue button <img src=D:\BuildPiper3.2_Rahul\Reports\27Dec_190511\serviceOverview_Promote_chrome\serviceOverview_Promote_chrome_361_Dec_190738.jpg alt='Lamp' width='500' height='400'> Element :[[ChromeDriver: chrome on WINDOWS (99123bdef80ec81bf7390f0c5daac823)] -> xpath: //button[@class='btn btn-submit']]is displayed on screen Clicking on element clicks continue button <img src=D:\BuildPiper3.2_Rahul\Reports\27Dec_190511\serviceOverview_Promote_chrome\serviceOverview_Promote_chrome_361_Dec_190741.jpg alt='Lamp' width='500' height='400'> Element :[[ChromeDriver: chrome on WINDOWS (99123bdef80ec81bf7390f0c5daac823)] -> xpath: //button[@class='btn btn-submit']]is displayed on screen Clicking on element clicks continue button <img src=D:\BuildPiper3.2_Rahul\Reports\27Dec_190511\serviceOverview_Promote_chrome\serviceOverview_Promote_chrome_361_Dec_190743.jpg alt='Lamp' width='500' height='400'> Element :[[ChromeDriver: chrome on WINDOWS (99123bdef80ec81bf7390f0c5daac823)] -> xpath: //button[@class='btn btn-submit']]is displayed on screen Clicking on element clicks continue button <img src=D:\BuildPiper3.2_Rahul\Reports\27Dec_190511\serviceOverview_Promote_chrome\serviceOverview_Promote_chrome_361_Dec_190745.jpg alt='Lamp' width='500' height='400'> Element :[[ChromeDriver: chrome on WINDOWS (99123bdef80ec81bf7390f0c5daac823)] -> xpath: //button[@class='btn btn-submit']]is displayed on screen Clicking on element clicks continue button <img src=D:\BuildPiper3.2_Rahul\Reports\27Dec_190511\serviceOverview_Promote_chrome\serviceOverview_Promote_chrome_361_Dec_190748.jpg alt='Lamp' width='500' height='400'> Element :[[ChromeDriver: chrome on WINDOWS (99123bdef80ec81bf7390f0c5daac823)] -> xpath: //button[@class='btn btn-submit']]is displayed on screen Clicking on element clicks continue button <img src=D:\BuildPiper3.2_Rahul\Reports\27Dec_190511\serviceOverview_Promote_chrome\serviceOverview_Promote_chrome_361_Dec_190750.jpg alt='Lamp' width='500' height='400'> Element :[[ChromeDriver: chrome on WINDOWS (99123bdef80ec81bf7390f0c5daac823)] -> xpath: //button[@class='btn btn-submit']]is displayed on screen Clicking on element clicks continue button <img src=D:\BuildPiper3.2_Rahul\Reports\27Dec_190511\serviceOverview_Promote_chrome\serviceOverview_Promote_chrome_361_Dec_190752.jpg alt='Lamp' width='500' height='400'> Element :[[ChromeDriver: chrome on WINDOWS (99123bdef80ec81bf7390f0c5daac823)] -> xpath: //button[@class='btn btn-submit']]is displayed on screen Clicking on element clicks continue button <img src=D:\BuildPiper3.2_Rahul\Reports\27Dec_190511\serviceOverview_Promote_chrome\serviceOverview_Promote_chrome_361_Dec_190754.jpg alt='Lamp' width='500' height='400'> Element :[[ChromeDriver: chrome on WINDOWS (99123bdef80ec81bf7390f0c5daac823)] -> xpath: //button[@class='btn btn-submit']]is displayed on screen Clicking on element clicks continue button <img src=D:\BuildPiper3.2_Rahul\Reports\27Dec_190511\serviceOverview_Promote_chrome\serviceOverview_Promote_chrome_361_Dec_190757.jpg alt='Lamp' width='500' height='400'> Element :[[ChromeDriver: chrome on WINDOWS (99123bdef80ec81bf7390f0c5daac823)] -> xpath: //*[text()='Env Deploy Details']]is displayed on screen Clicking on element Clicks on Deploy Details tag <img src=D:\BuildPiper3.2_Rahul\Reports\27Dec_190511\serviceOverview_Promote_chrome\serviceOverview_Promote_chrome_361_Dec_190759.jpg alt='Lamp' width='500' height='400'> Element :[[ChromeDriver: chrome on WINDOWS (99123bdef80ec81bf7390f0c5daac823)] -> xpath: //a[text()='Add Environment']]is displayed on screen Clicking on element adds new environment to running service <img src=D:\BuildPiper3.2_Rahul\Reports\27Dec_190511\serviceOverview_Promote_chrome\serviceOverview_Promote_chrome_361_Dec_190759.jpg alt='Lamp' width='500' height='400'> Element :[[ChromeDriver: chrome on WINDOWS (99123bdef80ec81bf7390f0c5daac823)] -> xpath: //h1[@class='h1' and contains(.,'Create a Environment')]]is displayed on screen Element is present :[[ChromeDriver: chrome on WINDOWS (99123bdef80ec81bf7390f0c5daac823)] -> xpath: //h1[@class='h1' and contains(.,'Create a Environment')]] <img src=D:\BuildPiper3.2_Rahul\Reports\27Dec_190511\serviceOverview_Promote_chrome\serviceOverview_Promote_chrome_361_Dec_190800.jpg alt='Lamp' width='500' height='400'> Element :[[ChromeDriver: chrome on WINDOWS (99123bdef80ec81bf7390f0c5daac823)] -> xpath: //div[@class='staticwrap-inner']]is displayed on screen Element is present :[[ChromeDriver: chrome on WINDOWS (99123bdef80ec81bf7390f0c5daac823)] -> xpath: //div[@class='staticwrap-inner']] <img src=D:\BuildPiper3.2_Rahul\Reports\27Dec_190511\serviceOverview_Promote_chrome\serviceOverview_Promote_chrome_361_Dec_190800.jpg alt='Lamp' width='500' height='400'> Element :[[ChromeDriver: chrome on WINDOWS (99123bdef80ec81bf7390f0c5daac823)] -> xpath: //select[@name='env_id']]is displayed on screen Element is present :[[ChromeDriver: chrome on WINDOWS (99123bdef80ec81bf7390f0c5daac823)] -> xpath: //select[@name='env_id']] <img src=D:\BuildPiper3.2_Rahul\Reports\27Dec_190511\serviceOverview_Promote_chrome\serviceOverview_Promote_chrome_361_Dec_190800.jpg alt='Lamp' width='500' height='400'> Element :[[ChromeDriver: chrome on WINDOWS (99123bdef80ec81bf7390f0c5daac823)] -> xpath: //button[@class='btn btn-submit']]is displayed on screen Element is present :[[ChromeDriver: chrome on WINDOWS (99123bdef80ec81bf7390f0c5daac823)] -> xpath: //button[@class='btn btn-submit']] <img src=D:\BuildPiper3.2_Rahul\Reports\27Dec_190511\serviceOverview_Promote_chrome\serviceOverview_Promote_chrome_361_Dec_190801.jpg alt='Lamp' width='500' height='400'> Element :[[ChromeDriver: chrome on WINDOWS (99123bdef80ec81bf7390f0c5daac823)] -> xpath: //button[@class='btn btn-submit']]is displayed on screen Clicking on element Poc_QA SubmitEnvPage <img src=D:\BuildPiper3.2_Rahul\Reports\27Dec_190511\serviceOverview_Promote_chrome\serviceOverview_Promote_chrome_361_Dec_190801.jpg alt='Lamp' width='500' height='400'> Element :[[ChromeDriver: chrome on WINDOWS (99123bdef80ec81bf7390f0c5daac823)] -> xpath: //span[@class='badge badge-dev']]is displayed on screen Element is present :[[ChromeDriver: chrome on WINDOWS (99123bdef80ec81bf7390f0c5daac823)] -> xpath: //span[@class='badge badge-dev']] <img src=D:\BuildPiper3.2_Rahul\Reports\27Dec_190511\serviceOverview_Promote_chrome\serviceOverview_Promote_chrome_361_Dec_190803.jpg alt='Lamp' width='500' height='400'> Element :[[ChromeDriver: chrome on WINDOWS (99123bdef80ec81bf7390f0c5daac823)] -> xpath: //*[text()='Configure Build']]is displayed on screen Element is present :[[ChromeDriver: chrome on WINDOWS (99123bdef80ec81bf7390f0c5daac823)] -> xpath: //*[text()='Configure Build']] <img src=D:\BuildPiper3.2_Rahul\Reports\27Dec_190511\serviceOverview_Promote_chrome\serviceOverview_Promote_chrome_361_Dec_190803.jpg alt='Lamp' width='500' height='400'> Element :[[ChromeDriver: chrome on WINDOWS (99123bdef80ec81bf7390f0c5daac823)] -> xpath: //*[text()='Configure Build']]is displayed on screen Element is present :[[ChromeDriver: chrome on WINDOWS (99123bdef80ec81bf7390f0c5daac823)] -> xpath: //*[text()='Configure Build']] <img src=D:\BuildPiper3.2_Rahul\Reports\27Dec_190511\serviceOverview_Promote_chrome\serviceOverview_Promote_chrome_361_Dec_190805.jpg alt='Lamp' width='500' height='400'> Element :[[ChromeDriver: chrome on WINDOWS (99123bdef80ec81bf7390f0c5daac823)] -> xpath: //*[text()='Configure Build']]is displayed on screen Clicking on element Poc_QA clickConfigBuild <img src=D:\BuildPiper3.2_Rahul\Reports\27Dec_190511\serviceOverview_Promote_chrome\serviceOverview_Promote_chrome_361_Dec_190805.jpg alt='Lamp' width='500' height='400'> Element :[[ChromeDriver: chrome on WINDOWS (99123bdef80ec81bf7390f0c5daac823)] -> xpath: //div[@class='input-component']//label]is displayed on screen Element is present :[[ChromeDriver: chrome on WINDOWS (99123bdef80ec81bf7390f0c5daac823)] -> xpath: //div[@class='input-component']//label] <img src=D:\BuildPiper3.2_Rahul\Reports\27Dec_190511\serviceOverview_Promote_chrome\serviceOverview_Promote_chrome_361_Dec_190808.jpg alt='Lamp' width='500' height='400'> Element :[[ChromeDriver: chrome on WINDOWS (99123bdef80ec81bf7390f0c5daac823)] -> xpath: //button[@class='btn btn-primary' and text()=' Next ']]is displayed on screen Element is present :[[ChromeDriver: chrome on WINDOWS (99123bdef80ec81bf7390f0c5daac823)] -> xpath: //button[@class='btn btn-primary' and text()=' Next ']] <img src=D:\BuildPiper3.2_Rahul\Reports\27Dec_190511\serviceOverview_Promote_chrome\serviceOverview_Promote_chrome_361_Dec_190811.jpg alt='Lamp' width='500' height='400'> Element :[[ChromeDriver: chrome on WINDOWS (99123bdef80ec81bf7390f0c5daac823)] -> xpath: //button[@class='btn btn-primary' and text()=' Next ']]is displayed on screen Clicking on element user clicks next button <img src=D:\BuildPiper3.2_Rahul\Reports\27Dec_190511\serviceOverview_Promote_chrome\serviceOverview_Promote_chrome_361_Dec_190812.jpg alt='Lamp' width='500' height='400'> Element :[[ChromeDriver: chrome on WINDOWS (99123bdef80ec81bf7390f0c5daac823)] -> xpath: //*[text()='Load Branches']]is displayed on screen Element is present :[[ChromeDriver: chrome on WINDOWS (99123bdef80ec81bf7390f0c5daac823)] -> xpath: //*[text()='Load Branches']] <img src=D:\BuildPiper3.2_Rahul\Reports\27Dec_190511\serviceOverview_Promote_chrome\serviceOverview_Promote_chrome_361_Dec_190819.jpg alt='Lamp' width='500' height='400'> Element :[[ChromeDriver: chrome on WINDOWS (99123bdef80ec81bf7390f0c5daac823)] -> xpath: //*[text()='Load Branches']]is displayed on screen Clicking on element Poc_QA loadBranchesBtn <img src=D:\BuildPiper3.2_Rahul\Reports\27Dec_190511\serviceOverview_Promote_chrome\serviceOverview_Promote_chrome_361_Dec_190819.jpg alt='Lamp' width='500' height='400'> Element :[[ChromeDriver: chrome on WINDOWS (99123bdef80ec81bf7390f0c5daac823)] -> xpath: //button[text()='Continue']]is displayed on screen Clicking on element Poc_QA clickContinueBtn <img src=D:\BuildPiper3.2_Rahul\Reports\27Dec_190511\serviceOverview_Promote_chrome\serviceOverview_Promote_chrome_361_Dec_190824.jpg alt='Lamp' width='500' height='400'> Element :[[ChromeDriver: chrome on WINDOWS (99123bdef80ec81bf7390f0c5daac823)] -> xpath: //button[text()='Continue']]is displayed on screen Clicking on element Poc_QA clickContinueBtn <img src=D:\BuildPiper3.2_Rahul\Reports\27Dec_190511\serviceOverview_Promote_chrome\serviceOverview_Promote_chrome_361_Dec_190830.jpg alt='Lamp' width='500' height='400'> Exception while scroll to view of element:  Exception while scroll to view of element:   Element :Proxy element for: DefaultElementLocator 'By.xpath: //button[text()='Continue']' is not clickable using javaScript  Element :Proxy element for: DefaultElementLocator 'By.xpath: //button[text()='Continue']' is not clickable using selenium click <img src=D:\BuildPiper3.2_Rahul\Reports\27Dec_190511\serviceOverview_Promote_chrome\serviceOverview_Promote_chrome_361_Dec_190900.jpg alt='Lamp' width='500' height='400'> Clicking on element Poc_QA clickContinueBtn <img src=D:\BuildPiper3.2_Rahul\Reports\27Dec_190511\serviceOverview_Promote_chrome\serviceOverview_Promote_chrome_361_Dec_190900.jpg alt='Lamp' width='500' height='400'> Element :[[ChromeDriver: chrome on WINDOWS (99123bdef80ec81bf7390f0c5daac823)] -> xpath: //button[@class='btn btn-submit']]is displayed on screen Clicking on element Poc_QA submitHooks <img src=D:\BuildPiper3.2_Rahul\Reports\27Dec_190511\serviceOverview_Promote_chrome\serviceOverview_Promote_chrome_361_Dec_190900.jpg alt='Lamp' width='500' height='400'> Element :[[ChromeDriver: chrome on WINDOWS (99123bdef80ec81bf7390f0c5daac823)] -> xpath: //*[text()='Env Deploy Details']]is displayed on screen Element is present :[[ChromeDriver: chrome on WINDOWS (99123bdef80ec81bf7390f0c5daac823)] -> xpath: //*[text()='Env Deploy Details']] <img src=D:\BuildPiper3.2_Rahul\Reports\27Dec_190511\serviceOverview_Promote_chrome\serviceOverview_Promote_chrome_361_Dec_190902.jpg alt='Lamp' width='500' height='400'> Element :[[ChromeDriver: chrome on WINDOWS (99123bdef80ec81bf7390f0c5daac823)] -> xpath: //*[text()='Env Deploy Details']]is displayed on screen Clicking on element Poc_QA validateDeployDetails <img src=D:\BuildPiper3.2_Rahul\Reports\27Dec_190511\serviceOverview_Promote_chrome\serviceOverview_Promote_chrome_361_Dec_190902.jpg alt='Lamp' width='500' height='400'> Element :[[ChromeDriver: chrome on WINDOWS (99123bdef80ec81bf7390f0c5daac823)] -> xpath: //button[@class='btn btn-submit']]is displayed on screen Element is present :[[ChromeDriver: chrome on WINDOWS (99123bdef80ec81bf7390f0c5daac823)] -> xpath: //button[@class='btn btn-submit']] <img src=D:\BuildPiper3.2_Rahul\Reports\27Dec_190511\serviceOverview_Promote_chrome\serviceOverview_Promote_chrome_361_Dec_190902.jpg alt='Lamp' width='500' height='400'> Element :[[ChromeDriver: chrome on WINDOWS (99123bdef80ec81bf7390f0c5daac823)] -> xpath: //button[@class='btn btn-submit']]is displayed on screen Clicking on element clicks on buildPiperUI button <img src=D:\BuildPiper3.2_Rahul\Reports\27Dec_190511\serviceOverview_Promote_chrome\serviceOverview_Promote_chrome_361_Dec_190903.jpg alt='Lamp' width='500' height='400'> Element :[[ChromeDriver: chrome on WINDOWS (99123bdef80ec81bf7390f0c5daac823)] -> xpath: //label//..//..//..//select]is displayed on screen Element is present :[[ChromeDriver: chrome on WINDOWS (99123bdef80ec81bf7390f0c5daac823)] -> xpath: //label//..//..//..//select] <img src=D:\BuildPiper3.2_Rahul\Reports\27Dec_190511\serviceOverview_Promote_chrome\serviceOverview_Promote_chrome_361_Dec_190906.jpg alt='Lamp' width='500' height='400'> Element :[[ChromeDriver: chrome on WINDOWS (99123bdef80ec81bf7390f0c5daac823)] -> xpath: //button[@class='btn btn-primary' and text()=' Next ']]is displayed on screen Element is present :[[ChromeDriver: chrome on WINDOWS (99123bdef80ec81bf7390f0c5daac823)] -> xpath: //button[@class='btn btn-primary' and text()=' Next ']] <img src=D:\BuildPiper3.2_Rahul\Reports\27Dec_190511\serviceOverview_Promote_chrome\serviceOverview_Promote_chrome_361_Dec_190909.jpg alt='Lamp' width='500' height='400'> Element :[[ChromeDriver: chrome on WINDOWS (99123bdef80ec81bf7390f0c5daac823)] -> xpath: //button[@class='btn btn-primary' and text()=' Next ']]is displayed on screen Clicking on element user clicks next button <img src=D:\BuildPiper3.2_Rahul\Reports\27Dec_190511\serviceOverview_Promote_chrome\serviceOverview_Promote_chrome_361_Dec_190909.jpg alt='Lamp' width='500' height='400'> Element :[[ChromeDriver: chrome on WINDOWS (99123bdef80ec81bf7390f0c5daac823)] -> xpath: //button//span[text()=' Add Access Level']]is displayed on screen Element is present :[[ChromeDriver: chrome on WINDOWS (99123bdef80ec81bf7390f0c5daac823)] -> xpath: //button//span[text()=' Add Access Level']] <img src=D:\BuildPiper3.2_Rahul\Reports\27Dec_190511\serviceOverview_Promote_chrome\serviceOverview_Promote_chrome_361_Dec_190913.jpg alt='Lamp' width='500' height='400'> Element :[[ChromeDriver: chrome on WINDOWS (99123bdef80ec81bf7390f0c5daac823)] -> xpath: //button//span[text()=' Add Access Level']]is displayed on screen Clicking on element Add Access Level <img src=D:\BuildPiper3.2_Rahul\Reports\27Dec_190511\serviceOverview_Promote_chrome\serviceOverview_Promote_chrome_361_Dec_190913.jpg alt='Lamp' width='500' height='400'> Clicking on element Poc_QA privateAccess <img src=D:\BuildPiper3.2_Rahul\Reports\27Dec_190511\serviceOverview_Promote_chrome\serviceOverview_Promote_chrome_361_Dec_190946.jpg alt='Lamp' width='500' height='400'> Element :[[ChromeDriver: chrome on WINDOWS (99123bdef80ec81bf7390f0c5daac823)] -> xpath: //input[@placeholder='name'][@name='name']]is displayed on screen Element :[[ChromeDriver: chrome on WINDOWS (99123bdef80ec81bf7390f0c5daac823)] -> xpath: //input[@placeholder='4001'][@name='port']]is displayed on screen Element :[[ChromeDriver: chrome on WINDOWS (99123bdef80ec81bf7390f0c5daac823)] -> xpath: //input[@placeholder='4001'][@name='target_port']]is displayed on screen Element :[[ChromeDriver: chrome on WINDOWS (99123bdef80ec81bf7390f0c5daac823)] -> xpath: //button[@class='btn btn-v2-primary btn-sm']]is displayed on screen Clicking on element clicks add button <img src=D:\BuildPiper3.2_Rahul\Reports\27Dec_190511\serviceOverview_Promote_chrome\serviceOverview_Promote_chrome_361_Dec_190946.jpg alt='Lamp' width='500' height='400'> Element :[[ChromeDriver: chrome on WINDOWS (99123bdef80ec81bf7390f0c5daac823)] -> xpath: //button[@class='btn btn-submit']]is displayed on screen Clicking on element clicks continue button <img src=D:\BuildPiper3.2_Rahul\Reports\27Dec_190511\serviceOverview_Promote_chrome\serviceOverview_Promote_chrome_361_Dec_190947.jpg alt='Lamp' width='500' height='400'> Element :[[ChromeDriver: chrome on WINDOWS (99123bdef80ec81bf7390f0c5daac823)] -> xpath: //button[@class='btn btn-submit']]is displayed on screen Clicking on element clicks continue button <img src=D:\BuildPiper3.2_Rahul\Reports\27Dec_190511\serviceOverview_Promote_chrome\serviceOverview_Promote_chrome_361_Dec_190949.jpg alt='Lamp' width='500' height='400'> Element :[[ChromeDriver: chrome on WINDOWS (99123bdef80ec81bf7390f0c5daac823)] -> xpath: //button[@class='btn btn-submit']]is displayed on screen Clicking on element clicks continue button <img src=D:\BuildPiper3.2_Rahul\Reports\27Dec_190511\serviceOverview_Promote_chrome\serviceOverview_Promote_chrome_361_Dec_190951.jpg alt='Lamp' width='500' height='400'> Element :[[ChromeDriver: chrome on WINDOWS (99123bdef80ec81bf7390f0c5daac823)] -> xpath: //button[@class='btn btn-submit']]is displayed on screen Clicking on element clicks continue button <img src=D:\BuildPiper3.2_Rahul\Reports\27Dec_190511\serviceOverview_Promote_chrome\serviceOverview_Promote_chrome_361_Dec_190953.jpg alt='Lamp' width='500' height='400'> Element :[[ChromeDriver: chrome on WINDOWS (99123bdef80ec81bf7390f0c5daac823)] -> xpath: //button[@class='btn btn-submit']]is displayed on screen Clicking on element clicks continue button <img src=D:\BuildPiper3.2_Rahul\Reports\27Dec_190511\serviceOverview_Promote_chrome\serviceOverview_Promote_chrome_361_Dec_190956.jpg alt='Lamp' width='500' height='400'> Element :[[ChromeDriver: chrome on WINDOWS (99123bdef80ec81bf7390f0c5daac823)] -> xpath: //button[@class='btn btn-submit']]is displayed on screen Clicking on element clicks continue button <img src=D:\BuildPiper3.2_Rahul\Reports\27Dec_190511\serviceOverview_Promote_chrome\serviceOverview_Promote_chrome_361_Dec_190958.jpg alt='Lamp' width='500' height='400'> Element :[[ChromeDriver: chrome on WINDOWS (99123bdef80ec81bf7390f0c5daac823)] -> xpath: //button[@class='btn btn-submit']]is displayed on screen Clicking on element clicks continue button <img src=D:\BuildPiper3.2_Rahul\Reports\27Dec_190511\serviceOverview_Promote_chrome\serviceOverview_Promote_chrome_361_Dec_191000.jpg alt='Lamp' width='500' height='400'> Element :[[ChromeDriver: chrome on WINDOWS (99123bdef80ec81bf7390f0c5daac823)] -> xpath: //button[@class='btn btn-submit']]is displayed on screen Clicking on element clicks continue button <img src=D:\BuildPiper3.2_Rahul\Reports\27Dec_190511\serviceOverview_Promote_chrome\serviceOverview_Promote_chrome_361_Dec_191002.jpg alt='Lamp' width='500' height='400'> Element :[[ChromeDriver: chrome on WINDOWS (99123bdef80ec81bf7390f0c5daac823)] -> xpath: //button[@class='btn btn-submit']]is displayed on screen Clicking on element clicks continue button <img src=D:\BuildPiper3.2_Rahul\Reports\27Dec_190511\serviceOverview_Promote_chrome\serviceOverview_Promote_chrome_361_Dec_191005.jpg alt='Lamp' width='500' height='400'> Element :[[ChromeDriver: chrome on WINDOWS (99123bdef80ec81bf7390f0c5daac823)] -> xpath: //li//button[@class='app-cluster-button']//span[1][@title]]is displayed on screen Element is present :[[ChromeDriver: chrome on WINDOWS (99123bdef80ec81bf7390f0c5daac823)] -> xpath: //li//button[@class='app-cluster-button']//span[1][@title]] <img src=D:\BuildPiper3.2_Rahul\Reports\27Dec_190511\serviceOverview_Promote_chrome\serviceOverview_Promote_chrome_361_Dec_191007.jpg alt='Lamp' width='500' height='400'> Element :[[ChromeDriver: chrome on WINDOWS (99123bdef80ec81bf7390f0c5daac823)] -> xpath: //button//div//span[@class='flaticon-expand-arrow']/../../..//div//button//p[text()='Service Overview']]is displayed on screen Element is present :[[ChromeDriver: chrome on WINDOWS (99123bdef80ec81bf7390f0c5daac823)] -> xpath: //button//div//span[@class='flaticon-expand-arrow']/../../..//div//button//p[text()='Service Overview']] <img src=D:\BuildPiper3.2_Rahul\Reports\27Dec_190511\serviceOverview_Promote_chrome\serviceOverview_Promote_chrome_361_Dec_191007.jpg alt='Lamp' width='500' height='400'> Move and Action Clicking to element : <img src=D:\BuildPiper3.2_Rahul\Reports\27Dec_190511\serviceOverview_Promote_chrome\serviceOverview_Promote_chrome_361_Dec_191008.jpg alt='Lamp' width='500' height='400'> Element :[[ChromeDriver: chrome on WINDOWS (99123bdef80ec81bf7390f0c5daac823)] -> xpath: //input[@placeholder='Name']]is displayed on screen Element is present :[[ChromeDriver: chrome on WINDOWS (99123bdef80ec81bf7390f0c5daac823)] -> xpath: //input[@placeholder='Name']] <img src=D:\BuildPiper3.2_Rahul\Reports\27Dec_190511\serviceOverview_Promote_chrome\serviceOverview_Promote_chrome_361_Dec_191011.jpg alt='Lamp' width='500' height='400'> Element :[[ChromeDriver: chrome on WINDOWS (99123bdef80ec81bf7390f0c5daac823)] -> xpath: //input[@placeholder='Name']]is displayed on screen Clicking on element clicks on environment overview tab under applicartion name <img src=D:\BuildPiper3.2_Rahul\Reports\27Dec_190511\serviceOverview_Promote_chrome\serviceOverview_Promote_chrome_361_Dec_191011.jpg alt='Lamp' width='500' height='400'> Element :[[ChromeDriver: chrome on WINDOWS (99123bdef80ec81bf7390f0c5daac823)] -> xpath: //input[@placeholder='Name']]is displayed on screen Element :[[ChromeDriver: chrome on WINDOWS (99123bdef80ec81bf7390f0c5daac823)] -> xpath: //button[@title='Build']]is displayed on screen Clicking on element clicks buildButton <img src=D:\BuildPiper3.2_Rahul\Reports\27Dec_190511\serviceOverview_Promote_chrome\serviceOverview_Promote_chrome_361_Dec_191017.jpg alt='Lamp' width='500' height='400'> Element :[[ChromeDriver: chrome on WINDOWS (99123bdef80ec81bf7390f0c5daac823)] -> xpath: //span[contains(text(),'Please note You are building image in Env.')]/following-sibling::span[1]]is displayed on screen Element is present :[[ChromeDriver: chrome on WINDOWS (99123bdef80ec81bf7390f0c5daac823)] -> xpath: //span[contains(text(),'Please note You are building image in Env.')]/following-sibling::span[1]] <img src=D:\BuildPiper3.2_Rahul\Reports\27Dec_190511\serviceOverview_Promote_chrome\serviceOverview_Promote_chrome_361_Dec_191023.jpg alt='Lamp' width='500' height='400'> Element :[[ChromeDriver: chrome on WINDOWS (99123bdef80ec81bf7390f0c5daac823)] -> xpath: //button[text()='Trigger Build']]is displayed on screen Clicking on element clicks triggerBuild <img src=D:\BuildPiper3.2_Rahul\Reports\27Dec_190511\serviceOverview_Promote_chrome\serviceOverview_Promote_chrome_361_Dec_191027.jpg alt='Lamp' width='500' height='400'> Exception while scroll to view of element:  Exception while scroll to view of element:   Element :Proxy element for: DefaultElementLocator 'By.xpath: //div[contains(@class,'popup-card mb')]//button[@class='btn-round border-navy bg-clear-btn']' is not clickable using javaScript  Element :Proxy element for: DefaultElementLocator 'By.xpath: //div[contains(@class,'popup-card mb')]//button[@class='btn-round border-navy bg-clear-btn']' is not clickable using selenium click <img src=D:\BuildPiper3.2_Rahul\Reports\27Dec_190511\serviceOverview_Promote_chrome\serviceOverview_Promote_chrome_361_Dec_191105.jpg alt='Lamp' width='500' height='400'> Clicking on element refresh BuildandDeploy button <img src=D:\BuildPiper3.2_Rahul\Reports\27Dec_190511\serviceOverview_Promote_chrome\serviceOverview_Promote_chrome_361_Dec_191106.jpg alt='Lamp' width='500' height='400'> Result upload to testlink is disabled, Please ensure you have 'UpdateTestLink=Yes' in project.properties  ####### End of Test Case: serviceOverview_Promote #######  </system-out>
</testsuite> <!-- com.buildpiper.testcases.ServiceCreationComprehensiveTestCases -->
