<?xml version="1.0" encoding="UTF-8"?>
<!-- Generated by org.testng.reporters.JUnitReportReporter -->
<testsuite hostname="DESKTOP-PTF1H2O" failures="1" tests="1" name="com.buildpiper.testcases.ServiceCreationTestcases" time="137.300" errors="0" timestamp="2023-12-27T18:50:22 IST" skipped="0">
  <testcase classname="com.buildpiper.testcases.ServiceCreationTestcases" name="EditandDeleteService" time="137.300">
    <failure message="Element deletePopupInputField Not present on screen, Exception: org.openqa.selenium.NoSuchElementException: no such element: Unable to locate element: {&quot;method&quot;:&quot;xpath&quot;,&quot;selector&quot;:&quot;//input[@placeholder=&#039;Please enter the reason to delete&#039;]&quot;}
  (Session info: chrome=120.0.6099.130)
For documentation on this error, please visit: https://www.seleniumhq.org/exceptions/no_such_element.html
Build info: version: &#039;3.141.59&#039;, revision: &#039;e82be7d358&#039;, time: &#039;2018-11-14T08:17:03&#039;
System info: host: &#039;DESKTOP-PTF1H2O&#039;, ip: &#039;192.168.1.9&#039;, os.name: &#039;Windows 10&#039;, os.arch: &#039;amd64&#039;, os.version: &#039;10.0&#039;, java.version: &#039;19.0.1&#039;
Driver info: org.openqa.selenium.chrome.ChromeDriver
Capabilities {acceptInsecureCerts: false, browserName: chrome, browserVersion: 120.0.6099.130, chrome: {chromedriverVersion: 120.0.6099.109 (3419140ab66..., userDataDir: C:\Users\Rahul\AppData\Loca...}, fedcm:accounts: true, goog:chromeOptions: {debuggerAddress: localhost:61763}, javascriptEnabled: true, networkConnectionEnabled: false, pageLoadStrategy: normal, platform: WINDOWS, platformName: WINDOWS, proxy: Proxy(), setWindowRect: true, strictFileInteractability: false, timeouts: {implicit: 0, pageLoad: 300000, script: 30000}, unhandledPromptBehavior: dismiss and notify, webauthn:extension:credBlob: true, webauthn:extension:largeBlob: true, webauthn:extension:minPinLength: true, webauthn:extension:prf: true, webauthn:virtualAuthenticators: true}
Session ID: 290061418e340997a323d1e2f0e6fc7b
*** Element info: {Using=xpath, value=//input[@placeholder=&#039;Please enter the reason to delete&#039;]}" type="java.lang.AssertionError">
      <![CDATA[java.lang.AssertionError: Element deletePopupInputField Not present on screen, Exception: org.openqa.selenium.NoSuchElementException: no such element: Unable to locate element: {"method":"xpath","selector":"//input[@placeholder='Please enter the reason to delete']"}
  (Session info: chrome=120.0.6099.130)
For documentation on this error, please visit: https://www.seleniumhq.org/exceptions/no_such_element.html
Build info: version: '3.141.59', revision: 'e82be7d358', time: '2018-11-14T08:17:03'
System info: host: 'DESKTOP-PTF1H2O', ip: '192.168.1.9', os.name: 'Windows 10', os.arch: 'amd64', os.version: '10.0', java.version: '19.0.1'
Driver info: org.openqa.selenium.chrome.ChromeDriver
Capabilities {acceptInsecureCerts: false, browserName: chrome, browserVersion: 120.0.6099.130, chrome: {chromedriverVersion: 120.0.6099.109 (3419140ab66..., userDataDir: C:\Users\Rahul\AppData\Loca...}, fedcm:accounts: true, goog:chromeOptions: {debuggerAddress: localhost:61763}, javascriptEnabled: true, networkConnectionEnabled: false, pageLoadStrategy: normal, platform: WINDOWS, platformName: WINDOWS, proxy: Proxy(), setWindowRect: true, strictFileInteractability: false, timeouts: {implicit: 0, pageLoad: 300000, script: 30000}, unhandledPromptBehavior: dismiss and notify, webauthn:extension:credBlob: true, webauthn:extension:largeBlob: true, webauthn:extension:minPinLength: true, webauthn:extension:prf: true, webauthn:virtualAuthenticators: true}
Session ID: 290061418e340997a323d1e2f0e6fc7b
*** Element info: {Using=xpath, value=//input[@placeholder='Please enter the reason to delete']}
at org.testng.Assert.fail(Assert.java:97)
at com.buildpiper.capabilities.UICapability.ui_setvalue(UICapability.java:110)
at com.buildpiper.base.Capability.ui_setvalue(Capability.java:138)
at com.buildpiper.pages.ServiceCreationPage.deleteService(ServiceCreationPage.java:1406)
at com.buildpiper.testcases.ServiceCreationTestcases.EditandDeleteService(ServiceCreationTestcases.java:177)
at java.base/jdk.internal.reflect.DirectMethodHandleAccessor.invoke(DirectMethodHandleAccessor.java:104)
at java.base/java.lang.reflect.Method.invoke(Method.java:578)
at org.testng.internal.MethodInvocationHelper.invokeMethod(MethodInvocationHelper.java:134)
at org.testng.internal.TestInvoker.invokeMethod(TestInvoker.java:597)
at org.testng.internal.TestInvoker.invokeTestMethod(TestInvoker.java:173)
at org.testng.internal.MethodRunner.runInSequence(MethodRunner.java:46)
at org.testng.internal.TestInvoker$MethodInvocationAgent.invoke(TestInvoker.java:816)
at org.testng.internal.TestInvoker.invokeTestMethods(TestInvoker.java:146)
at org.testng.internal.TestMethodWorker.invokeTestMethods(TestMethodWorker.java:146)
at org.testng.internal.TestMethodWorker.run(TestMethodWorker.java:128)
at java.base/java.util.ArrayList.forEach(ArrayList.java:1511)
at org.testng.TestRunner.privateRun(TestRunner.java:766)
at org.testng.TestRunner.run(TestRunner.java:587)
at org.testng.SuiteRunner.runTest(SuiteRunner.java:384)
at org.testng.SuiteRunner.runSequentially(SuiteRunner.java:378)
at org.testng.SuiteRunner.privateRun(SuiteRunner.java:337)
at org.testng.SuiteRunner.run(SuiteRunner.java:286)
at org.testng.SuiteRunnerWorker.runSuite(SuiteRunnerWorker.java:53)
at org.testng.SuiteRunnerWorker.run(SuiteRunnerWorker.java:96)
at org.testng.TestNG.runSuitesSequentially(TestNG.java:1187)
at org.testng.TestNG.runSuitesLocally(TestNG.java:1109)
at org.testng.TestNG.runSuites(TestNG.java:1039)
at org.testng.TestNG.run(TestNG.java:1007)
at org.testng.remote.AbstractRemoteTestNG.run(AbstractRemoteTestNG.java:115)
at org.testng.remote.RemoteTestNG.initAndRun(RemoteTestNG.java:251)
at org.testng.remote.RemoteTestNG.main(RemoteTestNG.java:77)
]]>
    </failure>
  </testcase> <!-- EditandDeleteService -->
  <system-out>
Element :[[ChromeDriver: chrome on WINDOWS (290061418e340997a323d1e2f0e6fc7b)] -> xpath: //div[@aria-controls='simple-menu']//div//div[2]//p]is displayed on screen Clicking on element userMenuAppBar <img src=D:\BuildPiper3.2_Rahul\Reports\27Dec_184803\EditandDeleteService_chrome\EditandDeleteService_chrome_361_Dec_184817.jpg alt='Lamp' width='500' height='400'> Element :[[ChromeDriver: chrome on WINDOWS (290061418e340997a323d1e2f0e6fc7b)] -> xpath: //p[@class='inactive-portal cursor-pointer']]is displayed on screen Clicking on element switching to user account <img src=D:\BuildPiper3.2_Rahul\Reports\27Dec_184803\EditandDeleteService_chrome\EditandDeleteService_chrome_361_Dec_184817.jpg alt='Lamp' width='500' height='400'> Element :[[ChromeDriver: chrome on WINDOWS (290061418e340997a323d1e2f0e6fc7b)] -> xpath: //li//button[@class='app-cluster-button']//span[1][@title]]is displayed on screen Element is present :[[ChromeDriver: chrome on WINDOWS (290061418e340997a323d1e2f0e6fc7b)] -> xpath: //li//button[@class='app-cluster-button']//span[1][@title]] <img src=D:\BuildPiper3.2_Rahul\Reports\27Dec_184803\EditandDeleteService_chrome\EditandDeleteService_chrome_361_Dec_184826.jpg alt='Lamp' width='500' height='400'> Element :[[ChromeDriver: chrome on WINDOWS (290061418e340997a323d1e2f0e6fc7b)] -> xpath: //button//div//span[@class='flaticon-expand-arrow']/../../..//div//button//p[text()='Service Overview']]is displayed on screen Clicking on element Poc_QA serviceOverviewLink <img src=D:\BuildPiper3.2_Rahul\Reports\27Dec_184803\EditandDeleteService_chrome\EditandDeleteService_chrome_361_Dec_184827.jpg alt='Lamp' width='500' height='400'> Element :[[ChromeDriver: chrome on WINDOWS (290061418e340997a323d1e2f0e6fc7b)] -> xpath: //button[text()=' Add Service']]is displayed on screen Element is present :[[ChromeDriver: chrome on WINDOWS (290061418e340997a323d1e2f0e6fc7b)] -> xpath: //button[text()=' Add Service']] <img src=D:\BuildPiper3.2_Rahul\Reports\27Dec_184803\EditandDeleteService_chrome\EditandDeleteService_chrome_361_Dec_184827.jpg alt='Lamp' width='500' height='400'> Element :[[ChromeDriver: chrome on WINDOWS (290061418e340997a323d1e2f0e6fc7b)] -> xpath: //button[text()=' Add Service']]is displayed on screen Clicking on element Poc_QA addServiceBtn <img src=D:\BuildPiper3.2_Rahul\Reports\27Dec_184803\EditandDeleteService_chrome\EditandDeleteService_chrome_361_Dec_184828.jpg alt='Lamp' width='500' height='400'> Element :[[ChromeDriver: chrome on WINDOWS (290061418e340997a323d1e2f0e6fc7b)] -> xpath: //h1[@class='main-heading']]is displayed on screen Element is present :[[ChromeDriver: chrome on WINDOWS (290061418e340997a323d1e2f0e6fc7b)] -> xpath: //h1[@class='main-heading']] <img src=D:\BuildPiper3.2_Rahul\Reports\27Dec_184803\EditandDeleteService_chrome\EditandDeleteService_chrome_361_Dec_184828.jpg alt='Lamp' width='500' height='400'> Element :[[ChromeDriver: chrome on WINDOWS (290061418e340997a323d1e2f0e6fc7b)] -> xpath: //p[(@class='sub-heading-primary')]]is displayed on screen Element is present :[[ChromeDriver: chrome on WINDOWS (290061418e340997a323d1e2f0e6fc7b)] -> xpath: //p[(@class='sub-heading-primary')]] <img src=D:\BuildPiper3.2_Rahul\Reports\27Dec_184803\EditandDeleteService_chrome\EditandDeleteService_chrome_361_Dec_184828.jpg alt='Lamp' width='500' height='400'> Element :[[ChromeDriver: chrome on WINDOWS (290061418e340997a323d1e2f0e6fc7b)] -> xpath: //input[@placeholder='demo-app']]is displayed on screen Setting value on element sets service name <img src=D:\BuildPiper3.2_Rahul\Reports\27Dec_184803\EditandDeleteService_chrome\EditandDeleteService_chrome_361_Dec_184829.jpg alt='Lamp' width='500' height='400'> Element :[[ChromeDriver: chrome on WINDOWS (290061418e340997a323d1e2f0e6fc7b)] -> xpath: //input[@placeholder='Sample-Service']]is displayed on screen Setting value on element sets external name <img src=D:\BuildPiper3.2_Rahul\Reports\27Dec_184803\EditandDeleteService_chrome\EditandDeleteService_chrome_361_Dec_184829.jpg alt='Lamp' width='500' height='400'> Element :[[ChromeDriver: chrome on WINDOWS (290061418e340997a323d1e2f0e6fc7b)] -> xpath: //span[contains(.,'Build for every environment')]]is displayed on screen Clicking on element Poc_QA selectEveryRadioBtn <img src=D:\BuildPiper3.2_Rahul\Reports\27Dec_184803\EditandDeleteService_chrome\EditandDeleteService_chrome_361_Dec_184829.jpg alt='Lamp' width='500' height='400'> Element :[[ChromeDriver: chrome on WINDOWS (290061418e340997a323d1e2f0e6fc7b)] -> xpath: //button[@class='btn btn-submit']]is displayed on screen Clicking on element Poc_QA SubmitCreatePage <img src=D:\BuildPiper3.2_Rahul\Reports\27Dec_184803\EditandDeleteService_chrome\EditandDeleteService_chrome_361_Dec_184830.jpg alt='Lamp' width='500' height='400'> Element :[[ChromeDriver: chrome on WINDOWS (290061418e340997a323d1e2f0e6fc7b)] -> xpath: //h1[@class='h1' and contains(.,'Create a Environment')]]is displayed on screen Element is present :[[ChromeDriver: chrome on WINDOWS (290061418e340997a323d1e2f0e6fc7b)] -> xpath: //h1[@class='h1' and contains(.,'Create a Environment')]] <img src=D:\BuildPiper3.2_Rahul\Reports\27Dec_184803\EditandDeleteService_chrome\EditandDeleteService_chrome_361_Dec_184832.jpg alt='Lamp' width='500' height='400'> Element :[[ChromeDriver: chrome on WINDOWS (290061418e340997a323d1e2f0e6fc7b)] -> xpath: //div[@class='staticwrap-inner']]is displayed on screen Element is present :[[ChromeDriver: chrome on WINDOWS (290061418e340997a323d1e2f0e6fc7b)] -> xpath: //div[@class='staticwrap-inner']] <img src=D:\BuildPiper3.2_Rahul\Reports\27Dec_184803\EditandDeleteService_chrome\EditandDeleteService_chrome_361_Dec_184832.jpg alt='Lamp' width='500' height='400'> Element :[[ChromeDriver: chrome on WINDOWS (290061418e340997a323d1e2f0e6fc7b)] -> xpath: //select[@name='env_id']]is displayed on screen Element is present :[[ChromeDriver: chrome on WINDOWS (290061418e340997a323d1e2f0e6fc7b)] -> xpath: //select[@name='env_id']] <img src=D:\BuildPiper3.2_Rahul\Reports\27Dec_184803\EditandDeleteService_chrome\EditandDeleteService_chrome_361_Dec_184832.jpg alt='Lamp' width='500' height='400'> Element :[[ChromeDriver: chrome on WINDOWS (290061418e340997a323d1e2f0e6fc7b)] -> xpath: //button[@class='btn btn-submit']]is displayed on screen Element is present :[[ChromeDriver: chrome on WINDOWS (290061418e340997a323d1e2f0e6fc7b)] -> xpath: //button[@class='btn btn-submit']] <img src=D:\BuildPiper3.2_Rahul\Reports\27Dec_184803\EditandDeleteService_chrome\EditandDeleteService_chrome_361_Dec_184842.jpg alt='Lamp' width='500' height='400'> Element :[[ChromeDriver: chrome on WINDOWS (290061418e340997a323d1e2f0e6fc7b)] -> xpath: //button[@class='btn btn-submit']]is displayed on screen Clicking on element Poc_QA SubmitEnvPage <img src=D:\BuildPiper3.2_Rahul\Reports\27Dec_184803\EditandDeleteService_chrome\EditandDeleteService_chrome_361_Dec_184842.jpg alt='Lamp' width='500' height='400'> Element :[[ChromeDriver: chrome on WINDOWS (290061418e340997a323d1e2f0e6fc7b)] -> xpath: //div[@class='text-icon-section']//div//div]is displayed on screen Element is present :[[ChromeDriver: chrome on WINDOWS (290061418e340997a323d1e2f0e6fc7b)] -> xpath: //div[@class='text-icon-section']//div//div] <img src=D:\BuildPiper3.2_Rahul\Reports\27Dec_184803\EditandDeleteService_chrome\EditandDeleteService_chrome_361_Dec_184843.jpg alt='Lamp' width='500' height='400'> Element :[[ChromeDriver: chrome on WINDOWS (290061418e340997a323d1e2f0e6fc7b)] -> xpath: //span[contains(text(),'Project:')]/..//span[2]]is displayed on screen Element is present :[[ChromeDriver: chrome on WINDOWS (290061418e340997a323d1e2f0e6fc7b)] -> xpath: //span[contains(text(),'Project:')]/..//span[2]] <img src=D:\BuildPiper3.2_Rahul\Reports\27Dec_184803\EditandDeleteService_chrome\EditandDeleteService_chrome_361_Dec_184844.jpg alt='Lamp' width='500' height='400'> Element :[[ChromeDriver: chrome on WINDOWS (290061418e340997a323d1e2f0e6fc7b)] -> xpath: //*[text()='Env Build Details']]is displayed on screen Clicking on element Poc_QA validateBuildDetails <img src=D:\BuildPiper3.2_Rahul\Reports\27Dec_184803\EditandDeleteService_chrome\EditandDeleteService_chrome_361_Dec_184844.jpg alt='Lamp' width='500' height='400'> Element :[[ChromeDriver: chrome on WINDOWS (290061418e340997a323d1e2f0e6fc7b)] -> xpath: //p[@class='main-text mb-10']]is displayed on screen Element is present :[[ChromeDriver: chrome on WINDOWS (290061418e340997a323d1e2f0e6fc7b)] -> xpath: //p[@class='main-text mb-10']] <img src=D:\BuildPiper3.2_Rahul\Reports\27Dec_184803\EditandDeleteService_chrome\EditandDeleteService_chrome_361_Dec_184844.jpg alt='Lamp' width='500' height='400'> Element :[[ChromeDriver: chrome on WINDOWS (290061418e340997a323d1e2f0e6fc7b)] -> xpath: //span[@class='sub-text mb-10']]is displayed on screen Element is present :[[ChromeDriver: chrome on WINDOWS (290061418e340997a323d1e2f0e6fc7b)] -> xpath: //span[@class='sub-text mb-10']] <img src=D:\BuildPiper3.2_Rahul\Reports\27Dec_184803\EditandDeleteService_chrome\EditandDeleteService_chrome_361_Dec_184845.jpg alt='Lamp' width='500' height='400'> Element :[[ChromeDriver: chrome on WINDOWS (290061418e340997a323d1e2f0e6fc7b)] -> xpath: //*[text()='Env Deploy Details']]is displayed on screen Element is present :[[ChromeDriver: chrome on WINDOWS (290061418e340997a323d1e2f0e6fc7b)] -> xpath: //*[text()='Env Deploy Details']] <img src=D:\BuildPiper3.2_Rahul\Reports\27Dec_184803\EditandDeleteService_chrome\EditandDeleteService_chrome_361_Dec_184845.jpg alt='Lamp' width='500' height='400'> Element :[[ChromeDriver: chrome on WINDOWS (290061418e340997a323d1e2f0e6fc7b)] -> xpath: //*[text()='Env Deploy Details']]is displayed on screen Clicking on element Poc_QA validateDeployDetails <img src=D:\BuildPiper3.2_Rahul\Reports\27Dec_184803\EditandDeleteService_chrome\EditandDeleteService_chrome_361_Dec_184845.jpg alt='Lamp' width='500' height='400'> Element :[[ChromeDriver: chrome on WINDOWS (290061418e340997a323d1e2f0e6fc7b)] -> xpath: //p[@class='main-text mb-10']]is displayed on screen Element is present :[[ChromeDriver: chrome on WINDOWS (290061418e340997a323d1e2f0e6fc7b)] -> xpath: //p[@class='main-text mb-10']] <img src=D:\BuildPiper3.2_Rahul\Reports\27Dec_184803\EditandDeleteService_chrome\EditandDeleteService_chrome_361_Dec_184845.jpg alt='Lamp' width='500' height='400'> Element :[[ChromeDriver: chrome on WINDOWS (290061418e340997a323d1e2f0e6fc7b)] -> xpath: //span[@class='sub-text mb-10']]is displayed on screen Element is present :[[ChromeDriver: chrome on WINDOWS (290061418e340997a323d1e2f0e6fc7b)] -> xpath: //span[@class='sub-text mb-10']] <img src=D:\BuildPiper3.2_Rahul\Reports\27Dec_184803\EditandDeleteService_chrome\EditandDeleteService_chrome_361_Dec_184846.jpg alt='Lamp' width='500' height='400'> Element :[[ChromeDriver: chrome on WINDOWS (290061418e340997a323d1e2f0e6fc7b)] -> xpath: //*[text()='To have a very smooth configuration we strongly recommend BuildPiper UI.']]is displayed on screen Element is present :[[ChromeDriver: chrome on WINDOWS (290061418e340997a323d1e2f0e6fc7b)] -> xpath: //*[text()='To have a very smooth configuration we strongly recommend BuildPiper UI.']] <img src=D:\BuildPiper3.2_Rahul\Reports\27Dec_184803\EditandDeleteService_chrome\EditandDeleteService_chrome_361_Dec_184846.jpg alt='Lamp' width='500' height='400'> Element :[[ChromeDriver: chrome on WINDOWS (290061418e340997a323d1e2f0e6fc7b)] -> xpath: //*[text()='you can also configure the CD by uploading your custom manifest file.']]is displayed on screen Element is present :[[ChromeDriver: chrome on WINDOWS (290061418e340997a323d1e2f0e6fc7b)] -> xpath: //*[text()='you can also configure the CD by uploading your custom manifest file.']] <img src=D:\BuildPiper3.2_Rahul\Reports\27Dec_184803\EditandDeleteService_chrome\EditandDeleteService_chrome_361_Dec_184846.jpg alt='Lamp' width='500' height='400'> Element :[[ChromeDriver: chrome on WINDOWS (290061418e340997a323d1e2f0e6fc7b)] -> xpath: //*[text()='Other Deployment Info']]is displayed on screen Element is present :[[ChromeDriver: chrome on WINDOWS (290061418e340997a323d1e2f0e6fc7b)] -> xpath: //*[text()='Other Deployment Info']] <img src=D:\BuildPiper3.2_Rahul\Reports\27Dec_184803\EditandDeleteService_chrome\EditandDeleteService_chrome_361_Dec_184846.jpg alt='Lamp' width='500' height='400'> Element :[[ChromeDriver: chrome on WINDOWS (290061418e340997a323d1e2f0e6fc7b)] -> xpath: //*[text()='Other Deployment Info']]is displayed on screen Clicking on element User has selected other deployment details under deployment configuration <img src=D:\BuildPiper3.2_Rahul\Reports\27Dec_184803\EditandDeleteService_chrome\EditandDeleteService_chrome_361_Dec_184847.jpg alt='Lamp' width='500' height='400'> Element :[[ChromeDriver: chrome on WINDOWS (290061418e340997a323d1e2f0e6fc7b)] -> xpath: //*[text()='Other Deployment Details']]is displayed on screen Element is present :[[ChromeDriver: chrome on WINDOWS (290061418e340997a323d1e2f0e6fc7b)] -> xpath: //*[text()='Other Deployment Details']] <img src=D:\BuildPiper3.2_Rahul\Reports\27Dec_184803\EditandDeleteService_chrome\EditandDeleteService_chrome_361_Dec_184847.jpg alt='Lamp' width='500' height='400'> Element :[[ChromeDriver: chrome on WINDOWS (290061418e340997a323d1e2f0e6fc7b)] -> xpath: //*[text()='To know more about access levels please read the ']]is displayed on screen Element is present :[[ChromeDriver: chrome on WINDOWS (290061418e340997a323d1e2f0e6fc7b)] -> xpath: //*[text()='To know more about access levels please read the ']] <img src=D:\BuildPiper3.2_Rahul\Reports\27Dec_184803\EditandDeleteService_chrome\EditandDeleteService_chrome_361_Dec_184847.jpg alt='Lamp' width='500' height='400'> Element :[[ChromeDriver: chrome on WINDOWS (290061418e340997a323d1e2f0e6fc7b)] -> xpath: //*[text()=' Please configure deployment details to setup HPA(Horizontal Pod Autoscaling)']]is displayed on screen Element is present :[[ChromeDriver: chrome on WINDOWS (290061418e340997a323d1e2f0e6fc7b)] -> xpath: //*[text()=' Please configure deployment details to setup HPA(Horizontal Pod Autoscaling)']] <img src=D:\BuildPiper3.2_Rahul\Reports\27Dec_184803\EditandDeleteService_chrome\EditandDeleteService_chrome_361_Dec_184847.jpg alt='Lamp' width='500' height='400'> Element :[[ChromeDriver: chrome on WINDOWS (290061418e340997a323d1e2f0e6fc7b)] -> xpath: //*[text()='Generated Manifest']]is displayed on screen Element is present :[[ChromeDriver: chrome on WINDOWS (290061418e340997a323d1e2f0e6fc7b)] -> xpath: //*[text()='Generated Manifest']] <img src=D:\BuildPiper3.2_Rahul\Reports\27Dec_184803\EditandDeleteService_chrome\EditandDeleteService_chrome_361_Dec_184848.jpg alt='Lamp' width='500' height='400'> Element :[[ChromeDriver: chrome on WINDOWS (290061418e340997a323d1e2f0e6fc7b)] -> xpath: //*[text()='Generated Manifest']]is displayed on screen Clicking on element Poc_QA validateGeneratedManifest <img src=D:\BuildPiper3.2_Rahul\Reports\27Dec_184803\EditandDeleteService_chrome\EditandDeleteService_chrome_361_Dec_184848.jpg alt='Lamp' width='500' height='400'> Element :[[ChromeDriver: chrome on WINDOWS (290061418e340997a323d1e2f0e6fc7b)] -> xpath: //*[text()='No Manifest File has been generated.']]is displayed on screen Element is present :[[ChromeDriver: chrome on WINDOWS (290061418e340997a323d1e2f0e6fc7b)] -> xpath: //*[text()='No Manifest File has been generated.']] <img src=D:\BuildPiper3.2_Rahul\Reports\27Dec_184803\EditandDeleteService_chrome\EditandDeleteService_chrome_361_Dec_184848.jpg alt='Lamp' width='500' height='400'> Element :[[ChromeDriver: chrome on WINDOWS (290061418e340997a323d1e2f0e6fc7b)] -> xpath: //li//button[@class='app-cluster-button']//span[1][@title]]is displayed on screen Element is present :[[ChromeDriver: chrome on WINDOWS (290061418e340997a323d1e2f0e6fc7b)] -> xpath: //li//button[@class='app-cluster-button']//span[1][@title]] <img src=D:\BuildPiper3.2_Rahul\Reports\27Dec_184803\EditandDeleteService_chrome\EditandDeleteService_chrome_361_Dec_184853.jpg alt='Lamp' width='500' height='400'> Element :[[ChromeDriver: chrome on WINDOWS (290061418e340997a323d1e2f0e6fc7b)] -> xpath: (//button[@class='btn btn-with-icon btn-round'])[1]]is displayed on screen Element is present :[[ChromeDriver: chrome on WINDOWS (290061418e340997a323d1e2f0e6fc7b)] -> xpath: (//button[@class='btn btn-with-icon btn-round'])[1]] <img src=D:\BuildPiper3.2_Rahul\Reports\27Dec_184803\EditandDeleteService_chrome\EditandDeleteService_chrome_361_Dec_184856.jpg alt='Lamp' width='500' height='400'> Element :[[ChromeDriver: chrome on WINDOWS (290061418e340997a323d1e2f0e6fc7b)] -> xpath: (//button[@class='btn btn-with-icon btn-round'])[1]]is displayed on screen Clicking on element edit Service button <img src=D:\BuildPiper3.2_Rahul\Reports\27Dec_184803\EditandDeleteService_chrome\EditandDeleteService_chrome_361_Dec_184856.jpg alt='Lamp' width='500' height='400'> Element :[[ChromeDriver: chrome on WINDOWS (290061418e340997a323d1e2f0e6fc7b)] -> xpath: //input[@placeholder='demo-app']]is displayed on screen Element is present :[[ChromeDriver: chrome on WINDOWS (290061418e340997a323d1e2f0e6fc7b)] -> xpath: //input[@placeholder='demo-app']] <img src=D:\BuildPiper3.2_Rahul\Reports\27Dec_184803\EditandDeleteService_chrome\EditandDeleteService_chrome_361_Dec_184858.jpg alt='Lamp' width='500' height='400'> Element :[[ChromeDriver: chrome on WINDOWS (290061418e340997a323d1e2f0e6fc7b)] -> xpath: //input[@placeholder='demo-app']]is displayed on screen Element :[[ChromeDriver: chrome on WINDOWS (290061418e340997a323d1e2f0e6fc7b)] -> xpath: //button[@class='btn btn-submit']]is displayed on screen Clicking on element Poc_QA SubmitCreatePage <img src=D:\BuildPiper3.2_Rahul\Reports\27Dec_184803\EditandDeleteService_chrome\EditandDeleteService_chrome_361_Dec_184901.jpg alt='Lamp' width='500' height='400'> Element :[[ChromeDriver: chrome on WINDOWS (290061418e340997a323d1e2f0e6fc7b)] -> xpath: //li//button[@class='app-cluster-button']//span[1][@title]]is displayed on screen Element is present :[[ChromeDriver: chrome on WINDOWS (290061418e340997a323d1e2f0e6fc7b)] -> xpath: //li//button[@class='app-cluster-button']//span[1][@title]] <img src=D:\BuildPiper3.2_Rahul\Reports\27Dec_184803\EditandDeleteService_chrome\EditandDeleteService_chrome_361_Dec_184904.jpg alt='Lamp' width='500' height='400'> Element :[[ChromeDriver: chrome on WINDOWS (290061418e340997a323d1e2f0e6fc7b)] -> xpath: //button//div//span[@class='flaticon-expand-arrow']/../../..//div//button//p[text()='Service Overview']]is displayed on screen Element is present :[[ChromeDriver: chrome on WINDOWS (290061418e340997a323d1e2f0e6fc7b)] -> xpath: //button//div//span[@class='flaticon-expand-arrow']/../../..//div//button//p[text()='Service Overview']] <img src=D:\BuildPiper3.2_Rahul\Reports\27Dec_184803\EditandDeleteService_chrome\EditandDeleteService_chrome_361_Dec_184906.jpg alt='Lamp' width='500' height='400'> Move and Action Clicking to element : <img src=D:\BuildPiper3.2_Rahul\Reports\27Dec_184803\EditandDeleteService_chrome\EditandDeleteService_chrome_361_Dec_184907.jpg alt='Lamp' width='500' height='400'> Element :[[ChromeDriver: chrome on WINDOWS (290061418e340997a323d1e2f0e6fc7b)] -> xpath: //input[@placeholder='Name']]is displayed on screen Element is present :[[ChromeDriver: chrome on WINDOWS (290061418e340997a323d1e2f0e6fc7b)] -> xpath: //input[@placeholder='Name']] <img src=D:\BuildPiper3.2_Rahul\Reports\27Dec_184803\EditandDeleteService_chrome\EditandDeleteService_chrome_361_Dec_184907.jpg alt='Lamp' width='500' height='400'> Element :[[ChromeDriver: chrome on WINDOWS (290061418e340997a323d1e2f0e6fc7b)] -> xpath: //input[@placeholder='Name']]is displayed on screen Clicking on element clicks on Search overview tab under applicartion name <img src=D:\BuildPiper3.2_Rahul\Reports\27Dec_184803\EditandDeleteService_chrome\EditandDeleteService_chrome_361_Dec_184907.jpg alt='Lamp' width='500' height='400'> Element :[[ChromeDriver: chrome on WINDOWS (290061418e340997a323d1e2f0e6fc7b)] -> xpath: //input[@placeholder='Name']]is displayed on screen Element :[[ChromeDriver: chrome on WINDOWS (290061418e340997a323d1e2f0e6fc7b)] -> xpath: (//div[@class='service-name']/a)[1]]is displayed on screen Element is present :[[ChromeDriver: chrome on WINDOWS (290061418e340997a323d1e2f0e6fc7b)] -> xpath: (//div[@class='service-name']/a)[1]] <img src=D:\BuildPiper3.2_Rahul\Reports\27Dec_184803\EditandDeleteService_chrome\EditandDeleteService_chrome_361_Dec_184911.jpg alt='Lamp' width='500' height='400'> Element :[[ChromeDriver: chrome on WINDOWS (290061418e340997a323d1e2f0e6fc7b)] -> xpath: (//div[@class='service-name']/a)[1]]is displayed on screen Clicking on element firstServiceLink <img src=D:\BuildPiper3.2_Rahul\Reports\27Dec_184803\EditandDeleteService_chrome\EditandDeleteService_chrome_361_Dec_184913.jpg alt='Lamp' width='500' height='400'> Element :[[ChromeDriver: chrome on WINDOWS (290061418e340997a323d1e2f0e6fc7b)] -> xpath: //button[@class='MuiButtonBase-root MuiIconButton-root btn btn-with-icon btn-round']]is displayed on screen Element is present :[[ChromeDriver: chrome on WINDOWS (290061418e340997a323d1e2f0e6fc7b)] -> xpath: //button[@class='MuiButtonBase-root MuiIconButton-root btn btn-with-icon btn-round']] <img src=D:\BuildPiper3.2_Rahul\Reports\27Dec_184803\EditandDeleteService_chrome\EditandDeleteService_chrome_361_Dec_184917.jpg alt='Lamp' width='500' height='400'> Element :[[ChromeDriver: chrome on WINDOWS (290061418e340997a323d1e2f0e6fc7b)] -> xpath: //button[@class='MuiButtonBase-root MuiIconButton-root btn btn-with-icon btn-round']]is displayed on screen Clicking on element deleteServicebutton <img src=D:\BuildPiper3.2_Rahul\Reports\27Dec_184803\EditandDeleteService_chrome\EditandDeleteService_chrome_361_Dec_184918.jpg alt='Lamp' width='500' height='400'> Element deletePopupInputField Not present on screen Result upload to testlink is disabled, Please ensure you have 'UpdateTestLink=Yes' in project.properties  ####### End of Test Case: EditandDeleteService #######  </system-out>
</testsuite> <!-- com.buildpiper.testcases.ServiceCreationTestcases -->
